# JRE version: OpenJDK Runtime Environment Temurin-17.0.4.1+1 (17.0.4.1+1) (build 17.0.4.1+1)
# Java VM: OpenJDK 64-Bit Server VM Temurin-17.0.4.1+1 (17.0.4.1+1, mixed mode, sharing, tiered, compressed oops, compressed class ptrs, g1 gc, windows-amd64)
GC Precious Log:
 CPUs: 4 total, 4 available
 Memory: 3919M
 Large Page Support: Disabled
 NUMA Support: Disabled
 Compressed Oops: Enabled (32-bit)
 Heap Region Size: 1M
 Heap Min Capacity: 8M
 Heap Initial Capacity: 62M
 Heap Max Capacity: 2G
 Pre-touch: Disabled
 Parallel Workers: 4
 Concurrent Workers: 1
 Concurrent Refinement Workers: 4
 Periodic GC: Disabled
Heap:
 garbage-first heap   total 75776K, used 43827K [0x0000000080000000, 0x0000000100000000)
  region size 1024K, 3 young (3072K), 2 survivors (2048K)
 Metaspace       used 51229K, committed 51776K, reserved 1097728K
  class space    used 7292K, committed 7552K, reserved 1048576K
GC Heap History (20 events):
Event: 17.381 GC heap after
{Heap after GC invocations=19 (full 0):
 garbage-first heap   total 63488K, used 32951K [0x0000000080000000, 0x0000000100000000)
  region size 1024K, 1 young (1024K), 1 survivors (1024K)
 Metaspace       used 36239K, committed 36672K, reserved 1081344K
  class space    used 4936K, committed 5120K, reserved 1048576K
}
Event: 17.790 GC heap before
{Heap before GC invocations=20 (full 0):
 garbage-first heap   total 73728K, used 50359K [0x0000000080000000, 0x0000000100000000)
  region size 1024K, 18 young (18432K), 1 survivors (1024K)
 Metaspace       used 36806K, committed 37312K, reserved 1081344K
  class space    used 5028K, committed 5248K, reserved 1048576K
}
Event: 17.793 GC heap after
{Heap after GC invocations=21 (full 0):
 garbage-first heap   total 73728K, used 33998K [0x0000000080000000, 0x0000000100000000)
  region size 1024K, 2 young (2048K), 2 survivors (2048K)
 Metaspace       used 36806K, committed 37312K, reserved 1081344K
  class space    used 5028K, committed 5248K, reserved 1048576K
}
Event: 18.633 GC heap before
{Heap before GC invocations=21 (full 0):
 garbage-first heap   total 73728K, used 57550K [0x0000000080000000, 0x0000000100000000)
  region size 1024K, 26 young (26624K), 2 survivors (2048K)
 Metaspace       used 39444K, committed 40000K, reserved 1089536K
  class space    used 5446K, committed 5696K, reserved 1048576K
}
Event: 18.639 GC heap after
{Heap after GC invocations=22 (full 0):
 garbage-first heap   total 73728K, used 34843K [0x0000000080000000, 0x0000000100000000)
  region size 1024K, 3 young (3072K), 3 survivors (3072K)
 Metaspace       used 39444K, committed 40000K, reserved 1089536K
  class space    used 5446K, committed 5696K, reserved 1048576K
}
Event: 19.468 GC heap before
{Heap before GC invocations=22 (full 0):
 garbage-first heap   total 73728K, used 59419K [0x0000000080000000, 0x0000000100000000)
  region size 1024K, 27 young (27648K), 3 survivors (3072K)
 Metaspace       used 41180K, committed 41664K, reserved 1089536K
  class space    used 5727K, committed 5952K, reserved 1048576K
}
Event: 19.472 GC heap after
{Heap after GC invocations=23 (full 0):
 garbage-first heap   total 73728K, used 35747K [0x0000000080000000, 0x0000000100000000)
  region size 1024K, 3 young (3072K), 3 survivors (3072K)
 Metaspace       used 41180K, committed 41664K, reserved 1089536K
  class space    used 5727K, committed 5952K, reserved 1048576K
}
Event: 20.000 GC heap before
{Heap before GC invocations=23 (full 0):
 garbage-first heap   total 73728K, used 60323K [0x0000000080000000, 0x0000000100000000)
  region size 1024K, 27 young (27648K), 3 survivors (3072K)
 Metaspace       used 42169K, committed 42688K, reserved 1089536K
  class space    used 5890K, committed 6144K, reserved 1048576K
}
Event: 20.006 GC heap after
{Heap after GC invocations=24 (full 0):
 garbage-first heap   total 73728K, used 36663K [0x0000000080000000, 0x0000000100000000)
  region size 1024K, 3 young (3072K), 3 survivors (3072K)
 Metaspace       used 42169K, committed 42688K, reserved 1089536K
  class space    used 5890K, committed 6144K, reserved 1048576K
}
Event: 21.586 GC heap before
{Heap before GC invocations=24 (full 0):
 garbage-first heap   total 73728K, used 59191K [0x0000000080000000, 0x0000000100000000)
  region size 1024K, 26 young (26624K), 3 survivors (3072K)
 Metaspace       used 44221K, committed 44736K, reserved 1089536K
  class space    used 6239K, committed 6464K, reserved 1048576K
}
Event: 21.594 GC heap after
{Heap after GC invocations=25 (full 0):
 garbage-first heap   total 73728K, used 38177K [0x0000000080000000, 0x0000000100000000)
  region size 1024K, 4 young (4096K), 4 survivors (4096K)
 Metaspace       used 44221K, committed 44736K, reserved 1089536K
  class space    used 6239K, committed 6464K, reserved 1048576K
}
Event: 23.011 GC heap before
{Heap before GC invocations=26 (full 0):
 garbage-first heap   total 73728K, used 59681K [0x0000000080000000, 0x0000000100000000)
  region size 1024K, 25 young (25600K), 4 survivors (4096K)
 Metaspace       used 46175K, committed 46720K, reserved 1089536K
  class space    used 6540K, committed 6784K, reserved 1048576K
}
Event: 23.022 GC heap after
{Heap after GC invocations=27 (full 0):
 garbage-first heap   total 73728K, used 38795K [0x0000000080000000, 0x0000000100000000)
  region size 1024K, 3 young (3072K), 3 survivors (3072K)
 Metaspace       used 46175K, committed 46720K, reserved 1089536K
  class space    used 6540K, committed 6784K, reserved 1048576K
}
Event: 24.561 GC heap before
{Heap before GC invocations=27 (full 0):
 garbage-first heap   total 73728K, used 59275K [0x0000000080000000, 0x0000000100000000)
  region size 1024K, 24 young (24576K), 3 survivors (3072K)
 Metaspace       used 47654K, committed 48192K, reserved 1097728K
  class space    used 6754K, committed 6976K, reserved 1048576K
}
Event: 24.576 GC heap after
{Heap after GC invocations=28 (full 0):
 garbage-first heap   total 73728K, used 41390K [0x0000000080000000, 0x0000000100000000)
  region size 1024K, 3 young (3072K), 3 survivors (3072K)
 Metaspace       used 47654K, committed 48192K, reserved 1097728K
  class space    used 6754K, committed 6976K, reserved 1048576K
}
Event: 25.985 GC heap before
{Heap before GC invocations=29 (full 0):
 garbage-first heap   total 73728K, used 58798K [0x0000000080000000, 0x0000000100000000)
  region size 1024K, 21 young (21504K), 3 survivors (3072K)
 Metaspace       used 48099K, committed 48704K, reserved 1097728K
  class space    used 6778K, committed 7040K, reserved 1048576K
}
Event: 25.997 GC heap after
{Heap after GC invocations=30 (full 0):
 garbage-first heap   total 73728K, used 42572K [0x0000000080000000, 0x0000000100000000)
  region size 1024K, 2 young (2048K), 2 survivors (2048K)
 Metaspace       used 48099K, committed 48704K, reserved 1097728K
  class space    used 6778K, committed 7040K, reserved 1048576K
}
Event: 27.285 GC heap before
{Heap before GC invocations=30 (full 0):
 garbage-first heap   total 73728K, used 59980K [0x0000000080000000, 0x0000000100000000)
  region size 1024K, 19 young (19456K), 2 survivors (2048K)
 Metaspace       used 49708K, committed 50368K, reserved 1097728K
  class space    used 7047K, committed 7360K, reserved 1048576K
}
Event: 27.289 GC heap after
{Heap after GC invocations=31 (full 0):
 garbage-first heap   total 73728K, used 43070K [0x0000000080000000, 0x0000000100000000)
  region size 1024K, 2 young (2048K), 2 survivors (2048K)
 Metaspace       used 49708K, committed 50368K, reserved 1097728K
  class space    used 7047K, committed 7360K, reserved 1048576K
}
Event: 28.586 GC heap before
{Heap before GC invocations=32 (full 0):
 garbage-first heap   total 75776K, used 60478K [0x0000000080000000, 0x0000000100000000)
  region size 1024K, 19 young (19456K), 2 survivors (2048K)
 Metaspace       used 51228K, committed 51776K, reserved 1097728K
  class space    used 7292K, committed 7552K, reserved 1048576K
}

