# JRE version: OpenJDK Runtime Environment Temurin-21.0.9+10 (21.0.9+10) (build 21.0.9+10-LTS)
# Java VM: OpenJDK 64-Bit Server VM Temurin-21.0.9+10 (21.0.9+10-LTS, mixed mode, sharing, tiered, compressed oops, compressed class ptrs, parallel gc, windows-amd64)
GC Precious Log:
 CardTable entry size: 512
 CPUs: 4 total, 4 available
 Memory: 3919M
 Large Page Support: Disabled
 NUMA Support: Disabled
 Compressed Oops: Enabled (32-bit)
 Alignments: Space 512K, Generation 512K, Heap 2M
 Heap Min Capacity: 100M
 Heap Initial Capacity: 100M
 Heap Max Capacity: 2G
 Pre-touch: Disabled
 Parallel Workers: 4
Heap:
 PSYoungGen      total 20992K, used 3020K [0x00000000d5580000, 0x00000000d6e00000, 0x0000000100000000)
  eden space 20480K, 12% used [0x00000000d5580000,0x00000000d57f7398,0x00000000d6980000)
  from space 512K, 96% used [0x00000000d6d00000,0x00000000d6d7c040,0x00000000d6d80000)
  to   space 512K, 0% used [0x00000000d6d80000,0x00000000d6d80000,0x00000000d6e00000)
 ParOldGen       total 68608K, used 42712K [0x0000000080000000, 0x0000000084300000, 0x00000000d5580000)
  object space 68608K, 62% used [0x0000000080000000,0x00000000829b6030,0x0000000084300000)
 Metaspace       used 61362K, committed 62784K, reserved 1114112K
  class space    used 7214K, committed 7808K, reserved 1048576K
GC Heap History (20 events):
Event: 221.257 GC heap before
{Heap before GC invocations=24 (full 2):
 PSYoungGen      total 25088K, used 22505K [0x00000000d5580000, 0x00000000d7000000, 0x0000000100000000)
  eden space 22016K, 99% used [0x00000000d5580000,0x00000000d6af6508,0x00000000d6b00000)
  from space 3072K, 17% used [0x00000000d6b00000,0x00000000d6b84010,0x00000000d6e00000)
  to   space 1536K, 0% used [0x00000000d6e80000,0x00000000d6e80000,0x00000000d7000000)
 ParOldGen       total 68608K, used 27649K [0x0000000080000000, 0x0000000084300000, 0x00000000d5580000)
  object space 68608K, 40% used [0x0000000080000000,0x0000000081b007d0,0x0000000084300000)
 Metaspace       used 53692K, committed 54976K, reserved 1114112K
  class space    used 5997K, committed 6592K, reserved 1048576K
}
Event: 221.271 GC heap after
{Heap after GC invocations=24 (full 2):
 PSYoungGen      total 22016K, used 1530K [0x00000000d5580000, 0x00000000d7500000, 0x0000000100000000)
  eden space 20480K, 0% used [0x00000000d5580000,0x00000000d5580000,0x00000000d6980000)
  from space 1536K, 99% used [0x00000000d6e80000,0x00000000d6ffebb0,0x00000000d7000000)
  to   space 5120K, 0% used [0x00000000d6980000,0x00000000d6980000,0x00000000d6e80000)
 ParOldGen       total 68608K, used 30446K [0x0000000080000000, 0x0000000084300000, 0x00000000d5580000)
  object space 68608K, 44% used [0x0000000080000000,0x0000000081dbba10,0x0000000084300000)
 Metaspace       used 53692K, committed 54976K, reserved 1114112K
  class space    used 5997K, committed 6592K, reserved 1048576K
}
Event: 237.205 GC heap before
{Heap before GC invocations=25 (full 2):
 PSYoungGen      total 22016K, used 22010K [0x00000000d5580000, 0x00000000d7500000, 0x0000000100000000)
  eden space 20480K, 100% used [0x00000000d5580000,0x00000000d6980000,0x00000000d6980000)
  from space 1536K, 99% used [0x00000000d6e80000,0x00000000d6ffebb0,0x00000000d7000000)
  to   space 5120K, 0% used [0x00000000d6980000,0x00000000d6980000,0x00000000d6e80000)
 ParOldGen       total 68608K, used 30446K [0x0000000080000000, 0x0000000084300000, 0x00000000d5580000)
  object space 68608K, 44% used [0x0000000080000000,0x0000000081dbba10,0x0000000084300000)
 Metaspace       used 55008K, committed 56256K, reserved 1114112K
  class space    used 6231K, committed 6784K, reserved 1048576K
}
Event: 237.330 GC heap after
{Heap after GC invocations=25 (full 2):
 PSYoungGen      total 25600K, used 5103K [0x00000000d5580000, 0x00000000d7880000, 0x0000000100000000)
  eden space 20480K, 0% used [0x00000000d5580000,0x00000000d5580000,0x00000000d6980000)
  from space 5120K, 99% used [0x00000000d6980000,0x00000000d6e7bfd8,0x00000000d6e80000)
  to   space 7680K, 0% used [0x00000000d7100000,0x00000000d7100000,0x00000000d7880000)
 ParOldGen       total 68608K, used 32283K [0x0000000080000000, 0x0000000084300000, 0x00000000d5580000)
  object space 68608K, 47% used [0x0000000080000000,0x0000000081f86d60,0x0000000084300000)
 Metaspace       used 55008K, committed 56256K, reserved 1114112K
  class space    used 6231K, committed 6784K, reserved 1048576K
}
Event: 238.820 GC heap before
{Heap before GC invocations=26 (full 2):
 PSYoungGen      total 25600K, used 25583K [0x00000000d5580000, 0x00000000d7880000, 0x0000000100000000)
  eden space 20480K, 100% used [0x00000000d5580000,0x00000000d6980000,0x00000000d6980000)
  from space 5120K, 99% used [0x00000000d6980000,0x00000000d6e7bfd8,0x00000000d6e80000)
  to   space 7680K, 0% used [0x00000000d7100000,0x00000000d7100000,0x00000000d7880000)
 ParOldGen       total 68608K, used 32283K [0x0000000080000000, 0x0000000084300000, 0x00000000d5580000)
  object space 68608K, 47% used [0x0000000080000000,0x0000000081f86d60,0x0000000084300000)
 Metaspace       used 55853K, committed 57088K, reserved 1114112K
  class space    used 6373K, committed 6912K, reserved 1048576K
}
Event: 238.825 GC heap after
{Heap after GC invocations=26 (full 2):
 PSYoungGen      total 21504K, used 704K [0x00000000d5580000, 0x00000000d7200000, 0x0000000100000000)
  eden space 20480K, 0% used [0x00000000d5580000,0x00000000d5580000,0x00000000d6980000)
  from space 1024K, 68% used [0x00000000d7100000,0x00000000d71b0000,0x00000000d7200000)
  to   space 3072K, 0% used [0x00000000d6c00000,0x00000000d6c00000,0x00000000d6f00000)
 ParOldGen       total 68608K, used 37316K [0x0000000080000000, 0x0000000084300000, 0x00000000d5580000)
  object space 68608K, 54% used [0x0000000080000000,0x00000000824710e0,0x0000000084300000)
 Metaspace       used 55853K, committed 57088K, reserved 1114112K
  class space    used 6373K, committed 6912K, reserved 1048576K
}
Event: 241.189 GC heap before
{Heap before GC invocations=27 (full 2):
 PSYoungGen      total 21504K, used 21184K [0x00000000d5580000, 0x00000000d7200000, 0x0000000100000000)
  eden space 20480K, 100% used [0x00000000d5580000,0x00000000d6980000,0x00000000d6980000)
  from space 1024K, 68% used [0x00000000d7100000,0x00000000d71b0000,0x00000000d7200000)
  to   space 3072K, 0% used [0x00000000d6c00000,0x00000000d6c00000,0x00000000d6f00000)
 ParOldGen       total 68608K, used 37316K [0x0000000080000000, 0x0000000084300000, 0x00000000d5580000)
  object space 68608K, 54% used [0x0000000080000000,0x00000000824710e0,0x0000000084300000)
 Metaspace       used 55878K, committed 57088K, reserved 1114112K
  class space    used 6373K, committed 6912K, reserved 1048576K
}
Event: 241.191 GC heap after
{Heap after GC invocations=27 (full 2):
 PSYoungGen      total 23552K, used 576K [0x00000000d5580000, 0x00000000d7180000, 0x0000000100000000)
  eden space 20480K, 0% used [0x00000000d5580000,0x00000000d5580000,0x00000000d6980000)
  from space 3072K, 18% used [0x00000000d6c00000,0x00000000d6c90000,0x00000000d6f00000)
  to   space 1024K, 0% used [0x00000000d7080000,0x00000000d7080000,0x00000000d7180000)
 ParOldGen       total 68608K, used 37950K [0x0000000080000000, 0x0000000084300000, 0x00000000d5580000)
  object space 68608K, 55% used [0x0000000080000000,0x000000008250faa0,0x0000000084300000)
 Metaspace       used 55878K, committed 57088K, reserved 1114112K
  class space    used 6373K, committed 6912K, reserved 1048576K
}
Event: 242.961 GC heap before
{Heap before GC invocations=28 (full 2):
 PSYoungGen      total 23552K, used 21056K [0x00000000d5580000, 0x00000000d7180000, 0x0000000100000000)
  eden space 20480K, 100% used [0x00000000d5580000,0x00000000d6980000,0x00000000d6980000)
  from space 3072K, 18% used [0x00000000d6c00000,0x00000000d6c90000,0x00000000d6f00000)
  to   space 1024K, 0% used [0x00000000d7080000,0x00000000d7080000,0x00000000d7180000)
 ParOldGen       total 68608K, used 37950K [0x0000000080000000, 0x0000000084300000, 0x00000000d5580000)
  object space 68608K, 55% used [0x0000000080000000,0x000000008250faa0,0x0000000084300000)
 Metaspace       used 55885K, committed 57088K, reserved 1114112K
  class space    used 6373K, committed 6912K, reserved 1048576K
}
Event: 242.964 GC heap after
{Heap after GC invocations=28 (full 2):
 PSYoungGen      total 21504K, used 1022K [0x00000000d5580000, 0x00000000d7180000, 0x0000000100000000)
  eden space 20480K, 0% used [0x00000000d5580000,0x00000000d5580000,0x00000000d6980000)
  from space 1024K, 99% used [0x00000000d7080000,0x00000000d717fa00,0x00000000d7180000)
  to   space 3072K, 0% used [0x00000000d6b80000,0x00000000d6b80000,0x00000000d6e80000)
 ParOldGen       total 68608K, used 39574K [0x0000000080000000, 0x0000000084300000, 0x00000000d5580000)
  object space 68608K, 57% used [0x0000000080000000,0x00000000826a5a50,0x0000000084300000)
 Metaspace       used 55885K, committed 57088K, reserved 1114112K
  class space    used 6373K, committed 6912K, reserved 1048576K
}
Event: 243.933 GC heap before
{Heap before GC invocations=29 (full 2):
 PSYoungGen      total 21504K, used 21502K [0x00000000d5580000, 0x00000000d7180000, 0x0000000100000000)
  eden space 20480K, 100% used [0x00000000d5580000,0x00000000d6980000,0x00000000d6980000)
  from space 1024K, 99% used [0x00000000d7080000,0x00000000d717fa00,0x00000000d7180000)
  to   space 3072K, 0% used [0x00000000d6b80000,0x00000000d6b80000,0x00000000d6e80000)
 ParOldGen       total 68608K, used 39574K [0x0000000080000000, 0x0000000084300000, 0x00000000d5580000)
  object space 68608K, 57% used [0x0000000080000000,0x00000000826a5a50,0x0000000084300000)
 Metaspace       used 56605K, committed 57856K, reserved 1114112K
  class space    used 6530K, committed 7104K, reserved 1048576K
}
Event: 243.940 GC heap after
{Heap after GC invocations=29 (full 2):
 PSYoungGen      total 23040K, used 2545K [0x00000000d5580000, 0x00000000d7100000, 0x0000000100000000)
  eden space 20480K, 0% used [0x00000000d5580000,0x00000000d5580000,0x00000000d6980000)
  from space 2560K, 99% used [0x00000000d6b80000,0x00000000d6dfc5b0,0x00000000d6e00000)
  to   space 3072K, 0% used [0x00000000d6e00000,0x00000000d6e00000,0x00000000d7100000)
 ParOldGen       total 68608K, used 40606K [0x0000000080000000, 0x0000000084300000, 0x00000000d5580000)
  object space 68608K, 59% used [0x0000000080000000,0x00000000827a7840,0x0000000084300000)
 Metaspace       used 56605K, committed 57856K, reserved 1114112K
  class space    used 6530K, committed 7104K, reserved 1048576K
}
Event: 245.483 GC heap before
{Heap before GC invocations=30 (full 2):
 PSYoungGen      total 23040K, used 17943K [0x00000000d5580000, 0x00000000d7100000, 0x0000000100000000)
  eden space 20480K, 75% used [0x00000000d5580000,0x00000000d64899c0,0x00000000d6980000)
  from space 2560K, 99% used [0x00000000d6b80000,0x00000000d6dfc5b0,0x00000000d6e00000)
  to   space 3072K, 0% used [0x00000000d6e00000,0x00000000d6e00000,0x00000000d7100000)
 ParOldGen       total 68608K, used 40606K [0x0000000080000000, 0x0000000084300000, 0x00000000d5580000)
  object space 68608K, 59% used [0x0000000080000000,0x00000000827a7840,0x0000000084300000)
 Metaspace       used 58465K, committed 59776K, reserved 1114112K
  class space    used 6819K, committed 7424K, reserved 1048576K
}
Event: 245.487 GC heap after
{Heap after GC invocations=30 (full 2):
 PSYoungGen      total 20992K, used 496K [0x00000000d5580000, 0x00000000d6e80000, 0x0000000100000000)
  eden space 20480K, 0% used [0x00000000d5580000,0x00000000d5580000,0x00000000d6980000)
  from space 512K, 96% used [0x00000000d6e00000,0x00000000d6e7c020,0x00000000d6e80000)
  to   space 1536K, 0% used [0x00000000d6b80000,0x00000000d6b80000,0x00000000d6d00000)
 ParOldGen       total 68608K, used 43089K [0x0000000080000000, 0x0000000084300000, 0x00000000d5580000)
  object space 68608K, 62% used [0x0000000080000000,0x0000000082a14560,0x0000000084300000)
 Metaspace       used 58465K, committed 59776K, reserved 1114112K
  class space    used 6819K, committed 7424K, reserved 1048576K
}
Event: 245.487 GC heap before
{Heap before GC invocations=31 (full 3):
 PSYoungGen      total 20992K, used 496K [0x00000000d5580000, 0x00000000d6e80000, 0x0000000100000000)
  eden space 20480K, 0% used [0x00000000d5580000,0x00000000d5580000,0x00000000d6980000)
  from space 512K, 96% used [0x00000000d6e00000,0x00000000d6e7c020,0x00000000d6e80000)
  to   space 1536K, 0% used [0x00000000d6b80000,0x00000000d6b80000,0x00000000d6d00000)
 ParOldGen       total 68608K, used 43089K [0x0000000080000000, 0x0000000084300000, 0x00000000d5580000)
  object space 68608K, 62% used [0x0000000080000000,0x0000000082a14560,0x0000000084300000)
 Metaspace       used 58465K, committed 59776K, reserved 1114112K
  class space    used 6819K, committed 7424K, reserved 1048576K
}
Event: 246.005 GC heap after
{Heap after GC invocations=31 (full 3):
 PSYoungGen      total 20992K, used 0K [0x00000000d5580000, 0x00000000d6e80000, 0x0000000100000000)
  eden space 20480K, 0% used [0x00000000d5580000,0x00000000d5580000,0x00000000d6980000)
  from space 512K, 0% used [0x00000000d6e00000,0x00000000d6e00000,0x00000000d6e80000)
  to   space 1536K, 0% used [0x00000000d6b80000,0x00000000d6b80000,0x00000000d6d00000)
 ParOldGen       total 68608K, used 41033K [0x0000000080000000, 0x0000000084300000, 0x00000000d5580000)
  object space 68608K, 59% used [0x0000000080000000,0x00000000828126e8,0x0000000084300000)
 Metaspace       used 58465K, committed 59776K, reserved 1114112K
  class space    used 6819K, committed 7424K, reserved 1048576K
}
Event: 249.070 GC heap before
{Heap before GC invocations=32 (full 3):
 PSYoungGen      total 20992K, used 20480K [0x00000000d5580000, 0x00000000d6e80000, 0x0000000100000000)
  eden space 20480K, 100% used [0x00000000d5580000,0x00000000d6980000,0x00000000d6980000)
  from space 512K, 0% used [0x00000000d6e00000,0x00000000d6e00000,0x00000000d6e80000)
  to   space 1536K, 0% used [0x00000000d6b80000,0x00000000d6b80000,0x00000000d6d00000)
 ParOldGen       total 68608K, used 41033K [0x0000000080000000, 0x0000000084300000, 0x00000000d5580000)
  object space 68608K, 59% used [0x0000000080000000,0x00000000828126e8,0x0000000084300000)
 Metaspace       used 59577K, committed 60928K, reserved 1114112K
  class space    used 7042K, committed 7616K, reserved 1048576K
}
Event: 249.072 GC heap after
{Heap after GC invocations=32 (full 3):
 PSYoungGen      total 22016K, used 480K [0x00000000d5580000, 0x00000000d6e80000, 0x0000000100000000)
  eden space 20480K, 0% used [0x00000000d5580000,0x00000000d5580000,0x00000000d6980000)
  from space 1536K, 31% used [0x00000000d6b80000,0x00000000d6bf8000,0x00000000d6d00000)
  to   space 1024K, 0% used [0x00000000d6d80000,0x00000000d6d80000,0x00000000d6e80000)
 ParOldGen       total 68608K, used 41041K [0x0000000080000000, 0x0000000084300000, 0x00000000d5580000)
  object space 68608K, 59% used [0x0000000080000000,0x00000000828146e8,0x0000000084300000)
 Metaspace       used 59577K, committed 60928K, reserved 1114112K
  class space    used 7042K, committed 7616K, reserved 1048576K
}
Event: 257.451 GC heap before
{Heap before GC invocations=33 (full 3):
 PSYoungGen      total 22016K, used 20941K [0x00000000d5580000, 0x00000000d6e80000, 0x0000000100000000)
  eden space 20480K, 99% used [0x00000000d5580000,0x00000000d697b490,0x00000000d6980000)
  from space 1536K, 31% used [0x00000000d6b80000,0x00000000d6bf8000,0x00000000d6d00000)
  to   space 1024K, 0% used [0x00000000d6d80000,0x00000000d6d80000,0x00000000d6e80000)
 ParOldGen       total 68608K, used 41041K [0x0000000080000000, 0x0000000084300000, 0x00000000d5580000)
  object space 68608K, 59% used [0x0000000080000000,0x00000000828146e8,0x0000000084300000)
 Metaspace       used 60110K, committed 61504K, reserved 1114112K
  class space    used 7104K, committed 7680K, reserved 1048576K
}
Event: 257.455 GC heap after
{Heap after GC invocations=33 (full 3):
 PSYoungGen      total 20992K, used 299K [0x00000000d5580000, 0x00000000d6e00000, 0x0000000100000000)
  eden space 20480K, 0% used [0x00000000d5580000,0x00000000d5580000,0x00000000d6980000)
  from space 512K, 58% used [0x00000000d6d80000,0x00000000d6dcafe0,0x00000000d6e00000)
  to   space 512K, 0% used [0x00000000d6d00000,0x00000000d6d00000,0x00000000d6d80000)
 ParOldGen       total 68608K, used 41456K [0x0000000080000000, 0x0000000084300000, 0x00000000d5580000)
  object space 68608K, 60% used [0x0000000080000000,0x000000008287c3f8,0x0000000084300000)
 Metaspace       used 60110K, committed 61504K, reserved 1114112K
  class space    used 7104K, committed 7680K, reserved 1048576K
}

