# JRE version: OpenJDK Runtime Environment Temurin-17.0.4.1+1 (17.0.4.1+1) (build 17.0.4.1+1)
# Java VM: OpenJDK 64-Bit Server VM Temurin-17.0.4.1+1 (17.0.4.1+1, mixed mode, sharing, tiered, compressed oops, compressed class ptrs, g1 gc, windows-amd64)
GC Precious Log:
 CPUs: 4 total, 4 available
 Memory: 12111M
 Large Page Support: Disabled
 NUMA Support: Disabled
 Compressed Oops: Enabled (Zero based)
 Heap Region Size: 2M
 Heap Min Capacity: 8M
 Heap Initial Capacity: 190M
 Heap Max Capacity: 4G
 Pre-touch: Disabled
 Parallel Workers: 4
 Concurrent Workers: 1
 Concurrent Refinement Workers: 4
 Periodic GC: Disabled
Heap:
 garbage-first heap   total 161792K, used 57029K [0x0000000700000000, 0x0000000800000000)
  region size 2048K, 5 young (10240K), 4 survivors (8192K)
 Metaspace       used 53446K, committed 54016K, reserved 888832K
  class space    used 7559K, committed 7808K, reserved 839680K
GC Heap History (20 events):
Event: 8.319 GC heap before
{Heap before GC invocations=6 (full 0):
 garbage-first heap   total 102400K, used 71769K [0x0000000700000000, 0x0000000800000000)
  region size 2048K, 26 young (53248K), 4 survivors (8192K)
 Metaspace       used 32593K, committed 32960K, reserved 872448K
  class space    used 4735K, committed 4928K, reserved 839680K
}
Event: 8.329 GC heap after
{Heap after GC invocations=7 (full 0):
 garbage-first heap   total 102400K, used 31957K [0x0000000700000000, 0x0000000800000000)
  region size 2048K, 4 young (8192K), 4 survivors (8192K)
 Metaspace       used 32593K, committed 32960K, reserved 872448K
  class space    used 4735K, committed 4928K, reserved 839680K
}
Event: 9.378 GC heap before
{Heap before GC invocations=7 (full 0):
 garbage-first heap   total 102400K, used 70869K [0x0000000700000000, 0x0000000800000000)
  region size 2048K, 24 young (49152K), 4 survivors (8192K)
 Metaspace       used 35588K, committed 35968K, reserved 872448K
  class space    used 5087K, committed 5248K, reserved 839680K
}
Event: 9.388 GC heap after
{Heap after GC invocations=8 (full 0):
 garbage-first heap   total 102400K, used 33817K [0x0000000700000000, 0x0000000800000000)
  region size 2048K, 3 young (6144K), 3 survivors (6144K)
 Metaspace       used 35588K, committed 35968K, reserved 872448K
  class space    used 5087K, committed 5248K, reserved 839680K
}
Event: 10.512 GC heap before
{Heap before GC invocations=9 (full 0):
 garbage-first heap   total 102400K, used 80921K [0x0000000700000000, 0x0000000800000000)
  region size 2048K, 24 young (49152K), 3 survivors (6144K)
 Metaspace       used 41923K, committed 42432K, reserved 880640K
  class space    used 5775K, committed 6016K, reserved 839680K
}
Event: 10.522 GC heap after
{Heap after GC invocations=10 (full 0):
 garbage-first heap   total 102400K, used 38036K [0x0000000700000000, 0x0000000800000000)
  region size 2048K, 3 young (6144K), 3 survivors (6144K)
 Metaspace       used 41923K, committed 42432K, reserved 880640K
  class space    used 5775K, committed 6016K, reserved 839680K
}
Event: 10.862 GC heap before
{Heap before GC invocations=10 (full 0):
 garbage-first heap   total 102400K, used 76948K [0x0000000700000000, 0x0000000800000000)
  region size 2048K, 22 young (45056K), 3 survivors (6144K)
 Metaspace       used 42017K, committed 42496K, reserved 880640K
  class space    used 5787K, committed 6016K, reserved 839680K
}
Event: 10.876 GC heap after
{Heap after GC invocations=11 (full 0):
 garbage-first heap   total 102400K, used 42119K [0x0000000700000000, 0x0000000800000000)
  region size 2048K, 2 young (4096K), 2 survivors (4096K)
 Metaspace       used 42017K, committed 42496K, reserved 880640K
  class space    used 5787K, committed 6016K, reserved 839680K
}
Event: 11.208 GC heap before
{Heap before GC invocations=11 (full 0):
 garbage-first heap   total 102400K, used 78983K [0x0000000700000000, 0x0000000800000000)
  region size 2048K, 20 young (40960K), 2 survivors (4096K)
 Metaspace       used 42019K, committed 42496K, reserved 880640K
  class space    used 5787K, committed 6016K, reserved 839680K
}
Event: 11.215 GC heap after
{Heap after GC invocations=12 (full 0):
 garbage-first heap   total 102400K, used 43130K [0x0000000700000000, 0x0000000800000000)
  region size 2048K, 2 young (4096K), 2 survivors (4096K)
 Metaspace       used 42019K, committed 42496K, reserved 880640K
  class space    used 5787K, committed 6016K, reserved 839680K
}
Event: 11.455 GC heap before
{Heap before GC invocations=12 (full 0):
 garbage-first heap   total 102400K, used 75898K [0x0000000700000000, 0x0000000800000000)
  region size 2048K, 19 young (38912K), 2 survivors (4096K)
 Metaspace       used 42025K, committed 42560K, reserved 880640K
  class space    used 5787K, committed 6016K, reserved 839680K
}
Event: 11.464 GC heap after
{Heap after GC invocations=13 (full 0):
 garbage-first heap   total 122880K, used 44765K [0x0000000700000000, 0x0000000800000000)
  region size 2048K, 2 young (4096K), 2 survivors (4096K)
 Metaspace       used 42025K, committed 42560K, reserved 880640K
  class space    used 5787K, committed 6016K, reserved 839680K
}
Event: 11.993 GC heap before
{Heap before GC invocations=13 (full 0):
 garbage-first heap   total 122880K, used 95965K [0x0000000700000000, 0x0000000800000000)
  region size 2048K, 27 young (55296K), 2 survivors (4096K)
 Metaspace       used 42306K, committed 42752K, reserved 880640K
  class space    used 5810K, committed 6016K, reserved 839680K
}
Event: 12.007 GC heap after
{Heap after GC invocations=14 (full 0):
 garbage-first heap   total 122880K, used 46843K [0x0000000700000000, 0x0000000800000000)
  region size 2048K, 3 young (6144K), 3 survivors (6144K)
 Metaspace       used 42306K, committed 42752K, reserved 880640K
  class space    used 5810K, committed 6016K, reserved 839680K
}
Event: 12.575 GC heap before
{Heap before GC invocations=14 (full 0):
 garbage-first heap   total 122880K, used 98043K [0x0000000700000000, 0x0000000800000000)
  region size 2048K, 28 young (57344K), 3 survivors (6144K)
 Metaspace       used 42719K, committed 43200K, reserved 880640K
  class space    used 5834K, committed 6080K, reserved 839680K
}
Event: 12.601 GC heap after
{Heap after GC invocations=15 (full 0):
 garbage-first heap   total 122880K, used 50429K [0x0000000700000000, 0x0000000800000000)
  region size 2048K, 3 young (6144K), 3 survivors (6144K)
 Metaspace       used 42719K, committed 43200K, reserved 880640K
  class space    used 5834K, committed 6080K, reserved 839680K
}
Event: 13.108 GC heap before
{Heap before GC invocations=15 (full 0):
 garbage-first heap   total 122880K, used 95485K [0x0000000700000000, 0x0000000800000000)
  region size 2048K, 26 young (53248K), 3 survivors (6144K)
 Metaspace       used 43033K, committed 43520K, reserved 880640K
  class space    used 5863K, committed 6080K, reserved 839680K
}
Event: 13.122 GC heap after
{Heap after GC invocations=16 (full 0):
 garbage-first heap   total 122880K, used 53623K [0x0000000700000000, 0x0000000800000000)
  region size 2048K, 4 young (8192K), 4 survivors (8192K)
 Metaspace       used 43033K, committed 43520K, reserved 880640K
  class space    used 5863K, committed 6080K, reserved 839680K
}
Event: 14.029 GC heap before
{Heap before GC invocations=16 (full 0):
 garbage-first heap   total 122880K, used 94583K [0x0000000700000000, 0x0000000800000000)
  region size 2048K, 25 young (51200K), 4 survivors (8192K)
 Metaspace       used 46123K, committed 46720K, reserved 880640K
  class space    used 6171K, committed 6464K, reserved 839680K
}
Event: 14.041 GC heap after
{Heap after GC invocations=17 (full 0):
 garbage-first heap   total 161792K, used 55412K [0x0000000700000000, 0x0000000800000000)
  region size 2048K, 3 young (6144K), 3 survivors (6144K)
 Metaspace       used 46123K, committed 46720K, reserved 880640K
  class space    used 6171K, committed 6464K, reserved 839680K
}

