# JRE version: OpenJDK Runtime Environment Temurin-17.0.4.1+1 (17.0.4.1+1) (build 17.0.4.1+1)
# Java VM: OpenJDK 64-Bit Server VM Temurin-17.0.4.1+1 (17.0.4.1+1, mixed mode, sharing, tiered, compressed oops, compressed class ptrs, g1 gc, windows-amd64)
GC Precious Log:
 CPUs: 4 total, 4 available
 Memory: 3919M
 Large Page Support: Disabled
 NUMA Support: Disabled
 Compressed Oops: Enabled (Zero based)
 Heap Region Size: 4M
 Heap Min Capacity: 8M
 Heap Initial Capacity: 64M
 Heap Max Capacity: 8G
 Pre-touch: Disabled
 Parallel Workers: 4
 Concurrent Workers: 1
 Concurrent Refinement Workers: 4
 Periodic GC: Disabled
Heap:
 garbage-first heap   total 303104K, used 207645K [0x0000000600000000, 0x0000000800000000)
  region size 4096K, 14 young (57344K), 3 survivors (12288K)
 Metaspace       used 137745K, committed 138816K, reserved 1171456K
  class space    used 18332K, committed 18816K, reserved 1048576K
GC Heap History (20 events):
Event: 67.365 GC heap before
{Heap before GC invocations=55 (full 0):
 garbage-first heap   total 212992K, used 172544K [0x0000000600000000, 0x0000000800000000)
  region size 4096K, 18 young (73728K), 2 survivors (8192K)
 Metaspace       used 95137K, committed 96064K, reserved 1138688K
  class space    used 13421K, committed 13824K, reserved 1048576K
}
Event: 67.416 GC heap after
{Heap after GC invocations=56 (full 0):
 garbage-first heap   total 212992K, used 108898K [0x0000000600000000, 0x0000000800000000)
  region size 4096K, 2 young (8192K), 2 survivors (8192K)
 Metaspace       used 95137K, committed 96064K, reserved 1138688K
  class space    used 13421K, committed 13824K, reserved 1048576K
}
Event: 75.969 GC heap before
{Heap before GC invocations=57 (full 0):
 garbage-first heap   total 212992K, used 170338K [0x0000000600000000, 0x0000000800000000)
  region size 4096K, 18 young (73728K), 2 survivors (8192K)
 Metaspace       used 97335K, committed 98304K, reserved 1138688K
  class space    used 13709K, committed 14144K, reserved 1048576K
}
Event: 76.016 GC heap after
{Heap after GC invocations=58 (full 0):
 garbage-first heap   total 212992K, used 108110K [0x0000000600000000, 0x0000000800000000)
  region size 4096K, 1 young (4096K), 1 survivors (4096K)
 Metaspace       used 97335K, committed 98304K, reserved 1138688K
  class space    used 13709K, committed 14144K, reserved 1048576K
}
Event: 79.076 GC heap before
{Heap before GC invocations=58 (full 0):
 garbage-first heap   total 212992K, used 173646K [0x0000000600000000, 0x0000000800000000)
  region size 4096K, 17 young (69632K), 1 survivors (4096K)
 Metaspace       used 105659K, committed 106624K, reserved 1146880K
  class space    used 14735K, committed 15168K, reserved 1048576K
}
Event: 79.182 GC heap after
{Heap after GC invocations=59 (full 0):
 garbage-first heap   total 212992K, used 109375K [0x0000000600000000, 0x0000000800000000)
  region size 4096K, 2 young (8192K), 2 survivors (8192K)
 Metaspace       used 105659K, committed 106624K, reserved 1146880K
  class space    used 14735K, committed 15168K, reserved 1048576K
}
Event: 82.868 GC heap before
{Heap before GC invocations=60 (full 0):
 garbage-first heap   total 212992K, used 183103K [0x0000000600000000, 0x0000000800000000)
  region size 4096K, 18 young (73728K), 2 survivors (8192K)
 Metaspace       used 106698K, committed 107648K, reserved 1146880K
  class space    used 14838K, committed 15232K, reserved 1048576K
}
Event: 83.059 GC heap after
{Heap after GC invocations=61 (full 0):
 garbage-first heap   total 258048K, used 125117K [0x0000000600000000, 0x0000000800000000)
  region size 4096K, 3 young (12288K), 3 survivors (12288K)
 Metaspace       used 106698K, committed 107648K, reserved 1146880K
  class space    used 14838K, committed 15232K, reserved 1048576K
}
Event: 90.151 GC heap before
{Heap before GC invocations=61 (full 0):
 garbage-first heap   total 258048K, used 182461K [0x0000000600000000, 0x0000000800000000)
  region size 4096K, 18 young (73728K), 3 survivors (12288K)
 Metaspace       used 109776K, committed 110784K, reserved 1146880K
  class space    used 15217K, committed 15680K, reserved 1048576K
}
Event: 90.256 GC heap after
{Heap after GC invocations=62 (full 0):
 garbage-first heap   total 258048K, used 135831K [0x0000000600000000, 0x0000000800000000)
  region size 4096K, 3 young (12288K), 3 survivors (12288K)
 Metaspace       used 109776K, committed 110784K, reserved 1146880K
  class space    used 15217K, committed 15680K, reserved 1048576K
}
Event: 96.818 GC heap before
{Heap before GC invocations=63 (full 0):
 garbage-first heap   total 266240K, used 205463K [0x0000000600000000, 0x0000000800000000)
  region size 4096K, 18 young (73728K), 3 survivors (12288K)
 Metaspace       used 115759K, committed 116800K, reserved 1155072K
  class space    used 15752K, committed 16256K, reserved 1048576K
}
Event: 96.884 GC heap after
{Heap after GC invocations=64 (full 0):
 garbage-first heap   total 266240K, used 148821K [0x0000000600000000, 0x0000000800000000)
  region size 4096K, 2 young (8192K), 2 survivors (8192K)
 Metaspace       used 115759K, committed 116800K, reserved 1155072K
  class space    used 15752K, committed 16256K, reserved 1048576K
}
Event: 103.292 GC heap before
{Heap before GC invocations=64 (full 0):
 garbage-first heap   total 266240K, used 210261K [0x0000000600000000, 0x0000000800000000)
  region size 4096K, 17 young (69632K), 2 survivors (8192K)
 Metaspace       used 122586K, committed 123584K, reserved 1163264K
  class space    used 16635K, committed 17088K, reserved 1048576K
}
Event: 103.382 GC heap after
{Heap after GC invocations=65 (full 0):
 garbage-first heap   total 266240K, used 151487K [0x0000000600000000, 0x0000000800000000)
  region size 4096K, 2 young (8192K), 2 survivors (8192K)
 Metaspace       used 122586K, committed 123584K, reserved 1163264K
  class space    used 16635K, committed 17088K, reserved 1048576K
}
Event: 108.260 GC heap before
{Heap before GC invocations=66 (full 0):
 garbage-first heap   total 282624K, used 212927K [0x0000000600000000, 0x0000000800000000)
  region size 4096K, 17 young (69632K), 2 survivors (8192K)
 Metaspace       used 125764K, committed 126784K, reserved 1163264K
  class space    used 16997K, committed 17472K, reserved 1048576K
}
Event: 108.340 GC heap after
{Heap after GC invocations=67 (full 0):
 garbage-first heap   total 282624K, used 155761K [0x0000000600000000, 0x0000000800000000)
  region size 4096K, 2 young (8192K), 2 survivors (8192K)
 Metaspace       used 125764K, committed 126784K, reserved 1163264K
  class space    used 16997K, committed 17472K, reserved 1048576K
}
Event: 111.764 GC heap before
{Heap before GC invocations=67 (full 0):
 garbage-first heap   total 282624K, used 225393K [0x0000000600000000, 0x0000000800000000)
  region size 4096K, 19 young (77824K), 2 survivors (8192K)
 Metaspace       used 126746K, committed 127744K, reserved 1163264K
  class space    used 17086K, committed 17536K, reserved 1048576K
}
Event: 111.896 GC heap after
{Heap after GC invocations=68 (full 0):
 garbage-first heap   total 282624K, used 160967K [0x0000000600000000, 0x0000000800000000)
  region size 4096K, 3 young (12288K), 3 survivors (12288K)
 Metaspace       used 126746K, committed 127744K, reserved 1163264K
  class space    used 17086K, committed 17536K, reserved 1048576K
}
Event: 118.992 GC heap before
{Heap before GC invocations=69 (full 0):
 garbage-first heap   total 303104K, used 226503K [0x0000000600000000, 0x0000000800000000)
  region size 4096K, 20 young (81920K), 3 survivors (12288K)
 Metaspace       used 133387K, committed 134464K, reserved 1171456K
  class space    used 17805K, committed 18304K, reserved 1048576K
}
Event: 119.076 GC heap after
{Heap after GC invocations=70 (full 0):
 garbage-first heap   total 303104K, used 166685K [0x0000000600000000, 0x0000000800000000)
  region size 4096K, 3 young (12288K), 3 survivors (12288K)
 Metaspace       used 133387K, committed 134464K, reserved 1171456K
  class space    used 17805K, committed 18304K, reserved 1048576K
}

