# JRE version: OpenJDK Runtime Environment Temurin-17.0.4.1+1 (17.0.4.1+1) (build 17.0.4.1+1)
# Java VM: OpenJDK 64-Bit Server VM Temurin-17.0.4.1+1 (17.0.4.1+1, mixed mode, sharing, tiered, compressed oops, compressed class ptrs, g1 gc, windows-amd64)
GC Precious Log:
 CPUs: 4 total, 4 available
 Memory: 12111M
 Large Page Support: Disabled
 NUMA Support: Disabled
 Compressed Oops: Enabled (Zero based)
 Heap Region Size: 2M
 Heap Min Capacity: 8M
 Heap Initial Capacity: 190M
 Heap Max Capacity: 4G
 Pre-touch: Disabled
 Parallel Workers: 4
 Concurrent Workers: 1
 Concurrent Refinement Workers: 4
 Periodic GC: Disabled
Heap:
 garbage-first heap   total 118784K, used 78859K [0x0000000700000000, 0x0000000800000000)
  region size 2048K, 9 young (18432K), 3 survivors (6144K)
 Metaspace       used 76144K, committed 76800K, reserved 913408K
  class space    used 10141K, committed 10432K, reserved 839680K
GC Heap History (20 events):
Event: 11.697 GC heap before
{Heap before GC invocations=13 (full 0):
 garbage-first heap   total 96256K, used 75941K [0x0000000700000000, 0x0000000800000000)
  region size 2048K, 20 young (40960K), 2 survivors (4096K)
 Metaspace       used 51919K, committed 52544K, reserved 888832K
  class space    used 7356K, committed 7680K, reserved 839680K
}
Event: 11.703 GC heap after
{Heap after GC invocations=14 (full 0):
 garbage-first heap   total 96256K, used 39921K [0x0000000700000000, 0x0000000800000000)
  region size 2048K, 2 young (4096K), 2 survivors (4096K)
 Metaspace       used 51919K, committed 52544K, reserved 888832K
  class space    used 7356K, committed 7680K, reserved 839680K
}
Event: 12.699 GC heap before
{Heap before GC invocations=14 (full 0):
 garbage-first heap   total 96256K, used 76785K [0x0000000700000000, 0x0000000800000000)
  region size 2048K, 20 young (40960K), 2 survivors (4096K)
 Metaspace       used 56697K, committed 57344K, reserved 897024K
  class space    used 7953K, committed 8256K, reserved 839680K
}
Event: 12.704 GC heap after
{Heap after GC invocations=15 (full 0):
 garbage-first heap   total 96256K, used 41020K [0x0000000700000000, 0x0000000800000000)
  region size 2048K, 2 young (4096K), 2 survivors (4096K)
 Metaspace       used 56697K, committed 57344K, reserved 897024K
  class space    used 7953K, committed 8256K, reserved 839680K
}
Event: 12.959 GC heap before
{Heap before GC invocations=15 (full 0):
 garbage-first heap   total 96256K, used 51260K [0x0000000700000000, 0x0000000800000000)
  region size 2048K, 8 young (16384K), 2 survivors (4096K)
 Metaspace       used 57855K, committed 58496K, reserved 897024K
  class space    used 8093K, committed 8384K, reserved 839680K
}
Event: 12.965 GC heap after
{Heap after GC invocations=16 (full 0):
 garbage-first heap   total 96256K, used 41107K [0x0000000700000000, 0x0000000800000000)
  region size 2048K, 2 young (4096K), 2 survivors (4096K)
 Metaspace       used 57855K, committed 58496K, reserved 897024K
  class space    used 8093K, committed 8384K, reserved 839680K
}
Event: 13.810 GC heap before
{Heap before GC invocations=16 (full 0):
 garbage-first heap   total 96256K, used 84115K [0x0000000700000000, 0x0000000800000000)
  region size 2048K, 20 young (40960K), 2 survivors (4096K)
 Metaspace       used 58302K, committed 58944K, reserved 897024K
  class space    used 8113K, committed 8448K, reserved 839680K
}
Event: 13.827 GC heap after
{Heap after GC invocations=17 (full 0):
 garbage-first heap   total 118784K, used 50831K [0x0000000700000000, 0x0000000800000000)
  region size 2048K, 3 young (6144K), 3 survivors (6144K)
 Metaspace       used 58302K, committed 58944K, reserved 897024K
  class space    used 8113K, committed 8448K, reserved 839680K
}
Event: 14.298 GC heap before
{Heap before GC invocations=17 (full 0):
 garbage-first heap   total 118784K, used 69263K [0x0000000700000000, 0x0000000800000000)
  region size 2048K, 13 young (26624K), 3 survivors (6144K)
 Metaspace       used 60110K, committed 60736K, reserved 897024K
  class space    used 8338K, committed 8640K, reserved 839680K
}
Event: 14.309 GC heap after
{Heap after GC invocations=18 (full 0):
 garbage-first heap   total 118784K, used 53173K [0x0000000700000000, 0x0000000800000000)
  region size 2048K, 1 young (2048K), 1 survivors (2048K)
 Metaspace       used 60110K, committed 60736K, reserved 897024K
  class space    used 8338K, committed 8640K, reserved 839680K
}
Event: 14.919 GC heap before
{Heap before GC invocations=19 (full 0):
 garbage-first heap   total 118784K, used 69557K [0x0000000700000000, 0x0000000800000000)
  region size 2048K, 10 young (20480K), 1 survivors (2048K)
 Metaspace       used 61889K, committed 62592K, reserved 897024K
  class space    used 8563K, committed 8896K, reserved 839680K
}
Event: 14.923 GC heap after
{Heap after GC invocations=20 (full 0):
 garbage-first heap   total 118784K, used 53462K [0x0000000700000000, 0x0000000800000000)
  region size 2048K, 1 young (2048K), 1 survivors (2048K)
 Metaspace       used 61889K, committed 62592K, reserved 897024K
  class space    used 8563K, committed 8896K, reserved 839680K
}
Event: 15.933 GC heap before
{Heap before GC invocations=20 (full 0):
 garbage-first heap   total 118784K, used 96470K [0x0000000700000000, 0x0000000800000000)
  region size 2048K, 19 young (38912K), 1 survivors (2048K)
 Metaspace       used 65523K, committed 66112K, reserved 897024K
  class space    used 8918K, committed 9216K, reserved 839680K
}
Event: 15.939 GC heap after
{Heap after GC invocations=21 (full 0):
 garbage-first heap   total 118784K, used 62709K [0x0000000700000000, 0x0000000800000000)
  region size 2048K, 3 young (6144K), 3 survivors (6144K)
 Metaspace       used 65523K, committed 66112K, reserved 897024K
  class space    used 8918K, committed 9216K, reserved 839680K
}
Event: 16.739 GC heap before
{Heap before GC invocations=21 (full 0):
 garbage-first heap   total 118784K, used 93429K [0x0000000700000000, 0x0000000800000000)
  region size 2048K, 18 young (36864K), 3 survivors (6144K)
 Metaspace       used 69163K, committed 69760K, reserved 905216K
  class space    used 9236K, committed 9536K, reserved 839680K
}
Event: 16.746 GC heap after
{Heap after GC invocations=22 (full 0):
 garbage-first heap   total 118784K, used 64311K [0x0000000700000000, 0x0000000800000000)
  region size 2048K, 1 young (2048K), 1 survivors (2048K)
 Metaspace       used 69163K, committed 69760K, reserved 905216K
  class space    used 9236K, committed 9536K, reserved 839680K
}
Event: 17.630 GC heap before
{Heap before GC invocations=23 (full 0):
 garbage-first heap   total 118784K, used 95031K [0x0000000700000000, 0x0000000800000000)
  region size 2048K, 16 young (32768K), 1 survivors (2048K)
 Metaspace       used 72492K, committed 73152K, reserved 905216K
  class space    used 9674K, committed 9984K, reserved 839680K
}
Event: 17.635 GC heap after
{Heap after GC invocations=24 (full 0):
 garbage-first heap   total 118784K, used 66147K [0x0000000700000000, 0x0000000800000000)
  region size 2048K, 2 young (4096K), 2 survivors (4096K)
 Metaspace       used 72492K, committed 73152K, reserved 905216K
  class space    used 9674K, committed 9984K, reserved 839680K
}
Event: 18.451 GC heap before
{Heap before GC invocations=24 (full 0):
 garbage-first heap   total 118784K, used 94819K [0x0000000700000000, 0x0000000800000000)
  region size 2048K, 17 young (34816K), 2 survivors (4096K)
 Metaspace       used 76098K, committed 76736K, reserved 913408K
  class space    used 10141K, committed 10432K, reserved 839680K
}
Event: 18.459 GC heap after
{Heap after GC invocations=25 (full 0):
 garbage-first heap   total 118784K, used 68619K [0x0000000700000000, 0x0000000800000000)
  region size 2048K, 3 young (6144K), 3 survivors (6144K)
 Metaspace       used 76098K, committed 76736K, reserved 913408K
  class space    used 10141K, committed 10432K, reserved 839680K
}

