# JRE version: OpenJDK Runtime Environment Temurin-17.0.4.1+1 (17.0.4.1+1) (build 17.0.4.1+1)
# Java VM: OpenJDK 64-Bit Server VM Temurin-17.0.4.1+1 (17.0.4.1+1, mixed mode, sharing, tiered, compressed oops, compressed class ptrs, g1 gc, windows-amd64)
GC Precious Log:
 CPUs: 4 total, 4 available
 Memory: 12111M
 Large Page Support: Disabled
 NUMA Support: Disabled
 Compressed Oops: Enabled (Zero based)
 Heap Region Size: 2M
 Heap Min Capacity: 8M
 Heap Initial Capacity: 190M
 Heap Max Capacity: 4G
 Pre-touch: Disabled
 Parallel Workers: 4
 Concurrent Workers: 1
 Concurrent Refinement Workers: 4
 Periodic GC: Disabled
Heap:
 garbage-first heap   total 122880K, used 93311K [0x0000000700000000, 0x0000000800000000)
  region size 2048K, 14 young (28672K), 1 survivors (2048K)
 Metaspace       used 80422K, committed 81024K, reserved 913408K
  class space    used 10755K, committed 11072K, reserved 839680K
GC Heap History (20 events):
Event: 18.850 GC heap before
{Heap before GC invocations=16 (full 0):
 garbage-first heap   total 96256K, used 51408K [0x0000000700000000, 0x0000000800000000)
  region size 2048K, 8 young (16384K), 2 survivors (4096K)
 Metaspace       used 59771K, committed 60288K, reserved 897024K
  class space    used 8420K, committed 8640K, reserved 839680K
}
Event: 18.855 GC heap after
{Heap after GC invocations=17 (full 0):
 garbage-first heap   total 96256K, used 41681K [0x0000000700000000, 0x0000000800000000)
  region size 2048K, 2 young (4096K), 2 survivors (4096K)
 Metaspace       used 59771K, committed 60288K, reserved 897024K
  class space    used 8420K, committed 8640K, reserved 839680K
}
Event: 19.517 GC heap before
{Heap before GC invocations=18 (full 0):
 garbage-first heap   total 96256K, used 58065K [0x0000000700000000, 0x0000000800000000)
  region size 2048K, 11 young (22528K), 2 survivors (4096K)
 Metaspace       used 62004K, committed 62528K, reserved 897024K
  class space    used 8714K, committed 8960K, reserved 839680K
}
Event: 19.521 GC heap after
{Heap after GC invocations=19 (full 0):
 garbage-first heap   total 96256K, used 41726K [0x0000000700000000, 0x0000000800000000)
  region size 2048K, 2 young (4096K), 2 survivors (4096K)
 Metaspace       used 62004K, committed 62528K, reserved 897024K
  class space    used 8714K, committed 8960K, reserved 839680K
}
Event: 20.403 GC heap before
{Heap before GC invocations=19 (full 0):
 garbage-first heap   total 96256K, used 84734K [0x0000000700000000, 0x0000000800000000)
  region size 2048K, 20 young (40960K), 2 survivors (4096K)
 Metaspace       used 62410K, committed 62976K, reserved 897024K
  class space    used 8725K, committed 8960K, reserved 839680K
}
Event: 20.420 GC heap after
{Heap after GC invocations=20 (full 0):
 garbage-first heap   total 100352K, used 51742K [0x0000000700000000, 0x0000000800000000)
  region size 2048K, 3 young (6144K), 3 survivors (6144K)
 Metaspace       used 62410K, committed 62976K, reserved 897024K
  class space    used 8725K, committed 8960K, reserved 839680K
}
Event: 21.109 GC heap before
{Heap before GC invocations=20 (full 0):
 garbage-first heap   total 100352K, used 76318K [0x0000000700000000, 0x0000000800000000)
  region size 2048K, 15 young (30720K), 3 survivors (6144K)
 Metaspace       used 65180K, committed 65728K, reserved 897024K
  class space    used 9064K, committed 9280K, reserved 839680K
}
Event: 21.120 GC heap after
{Heap after GC invocations=21 (full 0):
 garbage-first heap   total 100352K, used 53742K [0x0000000700000000, 0x0000000800000000)
  region size 2048K, 1 young (2048K), 1 survivors (2048K)
 Metaspace       used 65180K, committed 65728K, reserved 897024K
  class space    used 9064K, committed 9280K, reserved 839680K
}
Event: 21.416 GC heap before
{Heap before GC invocations=22 (full 0):
 garbage-first heap   total 100352K, used 61934K [0x0000000700000000, 0x0000000800000000)
  region size 2048K, 6 young (12288K), 1 survivors (2048K)
 Metaspace       used 66159K, committed 66752K, reserved 905216K
  class space    used 9179K, committed 9408K, reserved 839680K
}
Event: 21.420 GC heap after
{Heap after GC invocations=23 (full 0):
 garbage-first heap   total 100352K, used 54317K [0x0000000700000000, 0x0000000800000000)
  region size 2048K, 1 young (2048K), 1 survivors (2048K)
 Metaspace       used 66159K, committed 66752K, reserved 905216K
  class space    used 9179K, committed 9408K, reserved 839680K
}
Event: 22.672 GC heap before
{Heap before GC invocations=24 (full 0):
 garbage-first heap   total 106496K, used 87085K [0x0000000700000000, 0x0000000800000000)
  region size 2048K, 14 young (28672K), 1 survivors (2048K)
 Metaspace       used 68697K, committed 69248K, reserved 905216K
  class space    used 9447K, committed 9664K, reserved 839680K
}
Event: 22.677 GC heap after
{Heap after GC invocations=25 (full 0):
 garbage-first heap   total 106496K, used 62933K [0x0000000700000000, 0x0000000800000000)
  region size 2048K, 2 young (4096K), 2 survivors (4096K)
 Metaspace       used 68697K, committed 69248K, reserved 905216K
  class space    used 9447K, committed 9664K, reserved 839680K
}
Event: 23.273 GC heap before
{Heap before GC invocations=25 (full 0):
 garbage-first heap   total 106496K, used 85461K [0x0000000700000000, 0x0000000800000000)
  region size 2048K, 13 young (26624K), 2 survivors (4096K)
 Metaspace       used 71525K, committed 72064K, reserved 905216K
  class space    used 9641K, committed 9856K, reserved 839680K
}
Event: 23.280 GC heap after
{Heap after GC invocations=26 (full 0):
 garbage-first heap   total 106496K, used 64448K [0x0000000700000000, 0x0000000800000000)
  region size 2048K, 1 young (2048K), 1 survivors (2048K)
 Metaspace       used 71525K, committed 72064K, reserved 905216K
  class space    used 9641K, committed 9856K, reserved 839680K
}
Event: 24.186 GC heap before
{Heap before GC invocations=27 (full 0):
 garbage-first heap   total 112640K, used 86976K [0x0000000700000000, 0x0000000800000000)
  region size 2048K, 12 young (24576K), 1 survivors (2048K)
 Metaspace       used 74057K, committed 74624K, reserved 905216K
  class space    used 9926K, committed 10176K, reserved 839680K
}
Event: 24.190 GC heap after
{Heap after GC invocations=28 (full 0):
 garbage-first heap   total 112640K, used 65451K [0x0000000700000000, 0x0000000800000000)
  region size 2048K, 2 young (4096K), 2 survivors (4096K)
 Metaspace       used 74057K, committed 74624K, reserved 905216K
  class space    used 9926K, committed 10176K, reserved 839680K
}
Event: 24.994 GC heap before
{Heap before GC invocations=28 (full 0):
 garbage-first heap   total 112640K, used 90027K [0x0000000700000000, 0x0000000800000000)
  region size 2048K, 14 young (28672K), 2 survivors (4096K)
 Metaspace       used 76546K, committed 77120K, reserved 913408K
  class space    used 10244K, committed 10496K, reserved 839680K
}
Event: 25.001 GC heap after
{Heap after GC invocations=29 (full 0):
 garbage-first heap   total 112640K, used 67597K [0x0000000700000000, 0x0000000800000000)
  region size 2048K, 2 young (4096K), 2 survivors (4096K)
 Metaspace       used 76546K, committed 77120K, reserved 913408K
  class space    used 10244K, committed 10496K, reserved 839680K
}
Event: 25.847 GC heap before
{Heap before GC invocations=30 (full 0):
 garbage-first heap   total 122880K, used 92173K [0x0000000700000000, 0x0000000800000000)
  region size 2048K, 14 young (28672K), 2 survivors (4096K)
 Metaspace       used 80058K, committed 80704K, reserved 913408K
  class space    used 10738K, committed 11072K, reserved 839680K
}
Event: 25.852 GC heap after
{Heap after GC invocations=31 (full 0):
 garbage-first heap   total 122880K, used 68735K [0x0000000700000000, 0x0000000800000000)
  region size 2048K, 1 young (2048K), 1 survivors (2048K)
 Metaspace       used 80058K, committed 80704K, reserved 913408K
  class space    used 10738K, committed 11072K, reserved 839680K
}

