# JRE version: OpenJDK Runtime Environment Temurin-17.0.4.1+1 (17.0.4.1+1) (build 17.0.4.1+1)
# Java VM: OpenJDK 64-Bit Server VM Temurin-17.0.4.1+1 (17.0.4.1+1, mixed mode, sharing, tiered, compressed oops, compressed class ptrs, g1 gc, windows-amd64)
GC Precious Log:
 CPUs: 4 total, 4 available
 Memory: 3919M
 Large Page Support: Disabled
 NUMA Support: Disabled
 Compressed Oops: Enabled (Zero based)
 Heap Region Size: 4M
 Heap Min Capacity: 8M
 Heap Initial Capacity: 64M
 Heap Max Capacity: 8G
 Pre-touch: Disabled
 Parallel Workers: 4
 Concurrent Workers: 1
 Concurrent Refinement Workers: 4
 Periodic GC: Disabled
Heap:
 garbage-first heap   total 380928K, used 161816K [0x000000042a800000, 0x000000062a800000)
  region size 4096K, 2 young (8192K), 1 survivors (4096K)
 Metaspace       used 139733K, committed 140800K, reserved 1171456K
  class space    used 18208K, committed 18688K, reserved 1048576K
GC Heap History (20 events):
Event: 183.015 GC heap before
{Heap before GC invocations=73 (full 0):
 garbage-first heap   total 221184K, used 174222K [0x000000042a800000, 0x000000062a800000)
  region size 4096K, 19 young (77824K), 2 survivors (8192K)
 Metaspace       used 95201K, committed 96256K, reserved 1138688K
  class space    used 13411K, committed 13888K, reserved 1048576K
}
Event: 183.207 GC heap after
{Heap after GC invocations=74 (full 0):
 garbage-first heap   total 221184K, used 119588K [0x000000042a800000, 0x000000062a800000)
  region size 4096K, 3 young (12288K), 3 survivors (12288K)
 Metaspace       used 95201K, committed 96256K, reserved 1138688K
  class space    used 13411K, committed 13888K, reserved 1048576K
}
Event: 185.808 GC heap before
{Heap before GC invocations=74 (full 0):
 garbage-first heap   total 221184K, used 176932K [0x000000042a800000, 0x000000062a800000)
  region size 4096K, 15 young (61440K), 3 survivors (12288K)
 Metaspace       used 99384K, committed 100352K, reserved 1138688K
  class space    used 13891K, committed 14336K, reserved 1048576K
}
Event: 185.888 GC heap after
{Heap after GC invocations=75 (full 0):
 garbage-first heap   total 221184K, used 134955K [0x000000042a800000, 0x000000062a800000)
  region size 4096K, 2 young (8192K), 2 survivors (8192K)
 Metaspace       used 99384K, committed 100352K, reserved 1138688K
  class space    used 13891K, committed 14336K, reserved 1048576K
}
Event: 187.393 GC heap before
{Heap before GC invocations=75 (full 0):
 garbage-first heap   total 221184K, used 171819K [0x000000042a800000, 0x000000062a800000)
  region size 4096K, 11 young (45056K), 2 survivors (8192K)
 Metaspace       used 103475K, committed 104448K, reserved 1146880K
  class space    used 14230K, committed 14656K, reserved 1048576K
}
Event: 187.411 GC heap after
{Heap after GC invocations=76 (full 0):
 garbage-first heap   total 221184K, used 137602K [0x000000042a800000, 0x000000062a800000)
  region size 4096K, 1 young (4096K), 1 survivors (4096K)
 Metaspace       used 103475K, committed 104448K, reserved 1146880K
  class space    used 14230K, committed 14656K, reserved 1048576K
}
Event: 189.150 GC heap before
{Heap before GC invocations=76 (full 0):
 garbage-first heap   total 221184K, used 178562K [0x000000042a800000, 0x000000062a800000)
  region size 4096K, 11 young (45056K), 1 survivors (4096K)
 Metaspace       used 107811K, committed 108800K, reserved 1146880K
  class space    used 14733K, committed 15168K, reserved 1048576K
}
Event: 189.174 GC heap after
{Heap after GC invocations=77 (full 0):
 garbage-first heap   total 286720K, used 139159K [0x000000042a800000, 0x000000062a800000)
  region size 4096K, 2 young (8192K), 2 survivors (8192K)
 Metaspace       used 107811K, committed 108800K, reserved 1146880K
  class space    used 14733K, committed 15168K, reserved 1048576K
}
Event: 197.143 GC heap before
{Heap before GC invocations=77 (full 0):
 garbage-first heap   total 286720K, used 221079K [0x000000042a800000, 0x000000062a800000)
  region size 4096K, 22 young (90112K), 2 survivors (8192K)
 Metaspace       used 114625K, committed 115584K, reserved 1155072K
  class space    used 15606K, committed 16064K, reserved 1048576K
}
Event: 197.312 GC heap after
{Heap after GC invocations=78 (full 0):
 garbage-first heap   total 286720K, used 143851K [0x000000042a800000, 0x000000062a800000)
  region size 4096K, 3 young (12288K), 3 survivors (12288K)
 Metaspace       used 114625K, committed 115584K, reserved 1155072K
  class space    used 15606K, committed 16064K, reserved 1048576K
}
Event: 204.225 GC heap before
{Heap before GC invocations=78 (full 0):
 garbage-first heap   total 286720K, used 225771K [0x000000042a800000, 0x000000062a800000)
  region size 4096K, 23 young (94208K), 3 survivors (12288K)
 Metaspace       used 121454K, committed 122432K, reserved 1155072K
  class space    used 16301K, committed 16768K, reserved 1048576K
}
Event: 204.456 GC heap after
{Heap after GC invocations=79 (full 0):
 garbage-first heap   total 286720K, used 150072K [0x000000042a800000, 0x000000062a800000)
  region size 4096K, 3 young (12288K), 3 survivors (12288K)
 Metaspace       used 121454K, committed 122432K, reserved 1155072K
  class space    used 16301K, committed 16768K, reserved 1048576K
}
Event: 213.561 GC heap before
{Heap before GC invocations=79 (full 0):
 garbage-first heap   total 286720K, used 227896K [0x000000042a800000, 0x000000062a800000)
  region size 4096K, 23 young (94208K), 3 survivors (12288K)
 Metaspace       used 131689K, committed 132736K, reserved 1171456K
  class space    used 17356K, committed 17856K, reserved 1048576K
}
Event: 213.843 GC heap after
{Heap after GC invocations=80 (full 0):
 garbage-first heap   total 286720K, used 154096K [0x000000042a800000, 0x000000062a800000)
  region size 4096K, 3 young (12288K), 3 survivors (12288K)
 Metaspace       used 131689K, committed 132736K, reserved 1171456K
  class space    used 17356K, committed 17856K, reserved 1048576K
}
Event: 221.902 GC heap before
{Heap before GC invocations=81 (full 0):
 garbage-first heap   total 315392K, used 207344K [0x000000042a800000, 0x000000062a800000)
  region size 4096K, 16 young (65536K), 3 survivors (12288K)
 Metaspace       used 137724K, committed 138816K, reserved 1171456K
  class space    used 17970K, committed 18432K, reserved 1048576K
}
Event: 222.019 GC heap after
{Heap after GC invocations=82 (full 0):
 garbage-first heap   total 315392K, used 157866K [0x000000042a800000, 0x000000062a800000)
  region size 4096K, 2 young (8192K), 2 survivors (8192K)
 Metaspace       used 137724K, committed 138816K, reserved 1171456K
  class space    used 17970K, committed 18432K, reserved 1048576K
}
Event: 223.330 GC heap before
{Heap before GC invocations=82 (full 0):
 garbage-first heap   total 315392K, used 161962K [0x000000042a800000, 0x000000062a800000)
  region size 4096K, 3 young (12288K), 2 survivors (8192K)
 Metaspace       used 138046K, committed 139136K, reserved 1171456K
  class space    used 18004K, committed 18496K, reserved 1048576K
}
Event: 224.193 GC heap after
{Heap after GC invocations=83 (full 0):
 garbage-first heap   total 380928K, used 160710K [0x000000042a800000, 0x000000062a800000)
  region size 4096K, 1 young (4096K), 1 survivors (4096K)
 Metaspace       used 138046K, committed 139136K, reserved 1171456K
  class space    used 18004K, committed 18496K, reserved 1048576K
}
Event: 225.693 GC heap before
{Heap before GC invocations=83 (full 0):
 garbage-first heap   total 380928K, used 177094K [0x000000042a800000, 0x000000062a800000)
  region size 4096K, 6 young (24576K), 1 survivors (4096K)
 Metaspace       used 139437K, committed 140544K, reserved 1171456K
  class space    used 18182K, committed 18688K, reserved 1048576K
}
Event: 225.724 GC heap after
{Heap after GC invocations=84 (full 0):
 garbage-first heap   total 380928K, used 161816K [0x000000042a800000, 0x000000062a800000)
  region size 4096K, 1 young (4096K), 1 survivors (4096K)
 Metaspace       used 139437K, committed 140544K, reserved 1171456K
  class space    used 18182K, committed 18688K, reserved 1048576K
}

