# JRE version: OpenJDK Runtime Environment Temurin-21.0.9+10 (21.0.9+10) (build 21.0.9+10-LTS)
# Java VM: OpenJDK 64-Bit Server VM Temurin-21.0.9+10 (21.0.9+10-LTS, mixed mode, sharing, tiered, compressed oops, compressed class ptrs, parallel gc, windows-amd64)
GC Precious Log:
 CardTable entry size: 512
 CPUs: 4 total, 4 available
 Memory: 3919M
 Large Page Support: Disabled
 NUMA Support: Disabled
 Compressed Oops: Enabled (32-bit)
 Alignments: Space 512K, Generation 512K, Heap 2M
 Heap Min Capacity: 100M
 Heap Initial Capacity: 100M
 Heap Max Capacity: 2G
 Pre-touch: Disabled
 Parallel Workers: 4
Heap:
 PSYoungGen      total 23040K, used 18397K [0x00000000d5580000, 0x00000000d7980000, 0x0000000100000000)
  eden space 21504K, 80% used [0x00000000d5580000,0x00000000d66572c8,0x00000000d6a80000)
  from space 1536K, 75% used [0x00000000d7800000,0x00000000d7920408,0x00000000d7980000)
  to   space 1536K, 0% used [0x00000000d7680000,0x00000000d7680000,0x00000000d7800000)
 ParOldGen       total 68608K, used 59746K [0x0000000080000000, 0x0000000084300000, 0x00000000d5580000)
  object space 68608K, 87% used [0x0000000080000000,0x0000000083a58938,0x0000000084300000)
 Metaspace       used 51803K, committed 52992K, reserved 1114112K
  class space    used 5747K, committed 6272K, reserved 1048576K
GC Heap History (20 events):
Event: 24.432 GC heap before
{Heap before GC invocations=21 (full 2):
 PSYoungGen      total 23552K, used 23323K [0x00000000d5580000, 0x00000000d6f00000, 0x0000000100000000)
  eden space 21504K, 100% used [0x00000000d5580000,0x00000000d6a80000,0x00000000d6a80000)
  from space 2048K, 88% used [0x00000000d6d00000,0x00000000d6ec6e98,0x00000000d6f00000)
  to   space 2048K, 0% used [0x00000000d6b00000,0x00000000d6b00000,0x00000000d6d00000)
 ParOldGen       total 68608K, used 25248K [0x0000000080000000, 0x0000000084300000, 0x00000000d5580000)
  object space 68608K, 36% used [0x0000000080000000,0x00000000818a8010,0x0000000084300000)
 Metaspace       used 45483K, committed 46592K, reserved 1114112K
  class space    used 4916K, committed 5376K, reserved 1048576K
}
Event: 24.459 GC heap after
{Heap after GC invocations=21 (full 2):
 PSYoungGen      total 23552K, used 2039K [0x00000000d5580000, 0x00000000d9380000, 0x0000000100000000)
  eden space 21504K, 0% used [0x00000000d5580000,0x00000000d5580000,0x00000000d6a80000)
  from space 2048K, 99% used [0x00000000d6b00000,0x00000000d6cfdd08,0x00000000d6d00000)
  to   space 20992K, 0% used [0x00000000d7f00000,0x00000000d7f00000,0x00000000d9380000)
 ParOldGen       total 68608K, used 41111K [0x0000000080000000, 0x0000000084300000, 0x00000000d5580000)
  object space 68608K, 59% used [0x0000000080000000,0x0000000082825c68,0x0000000084300000)
 Metaspace       used 45483K, committed 46592K, reserved 1114112K
  class space    used 4916K, committed 5376K, reserved 1048576K
}
Event: 51.606 GC heap before
{Heap before GC invocations=22 (full 2):
 PSYoungGen      total 23552K, used 23533K [0x00000000d5580000, 0x00000000d9380000, 0x0000000100000000)
  eden space 21504K, 99% used [0x00000000d5580000,0x00000000d6a7d9b8,0x00000000d6a80000)
  from space 2048K, 99% used [0x00000000d6b00000,0x00000000d6cfdd08,0x00000000d6d00000)
  to   space 20992K, 0% used [0x00000000d7f00000,0x00000000d7f00000,0x00000000d9380000)
 ParOldGen       total 68608K, used 41111K [0x0000000080000000, 0x0000000084300000, 0x00000000d5580000)
  object space 68608K, 59% used [0x0000000080000000,0x0000000082825c68,0x0000000084300000)
 Metaspace       used 46408K, committed 47488K, reserved 1114112K
  class space    used 5021K, committed 5504K, reserved 1048576K
}
Event: 51.752 GC heap after
{Heap after GC invocations=22 (full 2):
 PSYoungGen      total 25088K, used 3168K [0x00000000d5580000, 0x00000000d8280000, 0x0000000100000000)
  eden space 21504K, 0% used [0x00000000d5580000,0x00000000d5580000,0x00000000d6a80000)
  from space 3584K, 88% used [0x00000000d7f00000,0x00000000d8218000,0x00000000d8280000)
  to   space 8704K, 0% used [0x00000000d7180000,0x00000000d7180000,0x00000000d7a00000)
 ParOldGen       total 68608K, used 42621K [0x0000000080000000, 0x0000000084300000, 0x00000000d5580000)
  object space 68608K, 62% used [0x0000000080000000,0x000000008299f458,0x0000000084300000)
 Metaspace       used 46408K, committed 47488K, reserved 1114112K
  class space    used 5021K, committed 5504K, reserved 1048576K
}
Event: 53.842 GC heap before
{Heap before GC invocations=23 (full 2):
 PSYoungGen      total 25088K, used 24672K [0x00000000d5580000, 0x00000000d8280000, 0x0000000100000000)
  eden space 21504K, 100% used [0x00000000d5580000,0x00000000d6a80000,0x00000000d6a80000)
  from space 3584K, 88% used [0x00000000d7f00000,0x00000000d8218000,0x00000000d8280000)
  to   space 8704K, 0% used [0x00000000d7180000,0x00000000d7180000,0x00000000d7a00000)
 ParOldGen       total 68608K, used 42621K [0x0000000080000000, 0x0000000084300000, 0x00000000d5580000)
  object space 68608K, 62% used [0x0000000080000000,0x000000008299f458,0x0000000084300000)
 Metaspace       used 47826K, committed 49024K, reserved 1114112K
  class space    used 5162K, committed 5760K, reserved 1048576K
}
Event: 53.857 GC heap after
{Heap after GC invocations=23 (full 2):
 PSYoungGen      total 30208K, used 2048K [0x00000000d5580000, 0x00000000d7f80000, 0x0000000100000000)
  eden space 21504K, 0% used [0x00000000d5580000,0x00000000d5580000,0x00000000d6a80000)
  from space 8704K, 23% used [0x00000000d7180000,0x00000000d7380030,0x00000000d7a00000)
  to   space 3584K, 0% used [0x00000000d7c00000,0x00000000d7c00000,0x00000000d7f80000)
 ParOldGen       total 68608K, used 45693K [0x0000000080000000, 0x0000000084300000, 0x00000000d5580000)
  object space 68608K, 66% used [0x0000000080000000,0x0000000082c9f698,0x0000000084300000)
 Metaspace       used 47826K, committed 49024K, reserved 1114112K
  class space    used 5162K, committed 5760K, reserved 1048576K
}
Event: 54.565 GC heap before
{Heap before GC invocations=24 (full 2):
 PSYoungGen      total 30208K, used 23552K [0x00000000d5580000, 0x00000000d7f80000, 0x0000000100000000)
  eden space 21504K, 100% used [0x00000000d5580000,0x00000000d6a80000,0x00000000d6a80000)
  from space 8704K, 23% used [0x00000000d7180000,0x00000000d7380030,0x00000000d7a00000)
  to   space 3584K, 0% used [0x00000000d7c00000,0x00000000d7c00000,0x00000000d7f80000)
 ParOldGen       total 68608K, used 45693K [0x0000000080000000, 0x0000000084300000, 0x00000000d5580000)
  object space 68608K, 66% used [0x0000000080000000,0x0000000082c9f698,0x0000000084300000)
 Metaspace       used 48226K, committed 49408K, reserved 1114112K
  class space    used 5223K, committed 5760K, reserved 1048576K
}
Event: 54.571 GC heap after
{Heap after GC invocations=24 (full 2):
 PSYoungGen      total 24064K, used 2385K [0x00000000d5580000, 0x00000000d7e80000, 0x0000000100000000)
  eden space 21504K, 0% used [0x00000000d5580000,0x00000000d5580000,0x00000000d6a80000)
  from space 2560K, 93% used [0x00000000d7c00000,0x00000000d7e54420,0x00000000d7e80000)
  to   space 2560K, 0% used [0x00000000d7980000,0x00000000d7980000,0x00000000d7c00000)
 ParOldGen       total 68608K, used 47616K [0x0000000080000000, 0x0000000084300000, 0x00000000d5580000)
  object space 68608K, 69% used [0x0000000080000000,0x0000000082e801f8,0x0000000084300000)
 Metaspace       used 48226K, committed 49408K, reserved 1114112K
  class space    used 5223K, committed 5760K, reserved 1048576K
}
Event: 54.978 GC heap before
{Heap before GC invocations=25 (full 2):
 PSYoungGen      total 24064K, used 23889K [0x00000000d5580000, 0x00000000d7e80000, 0x0000000100000000)
  eden space 21504K, 100% used [0x00000000d5580000,0x00000000d6a80000,0x00000000d6a80000)
  from space 2560K, 93% used [0x00000000d7c00000,0x00000000d7e54420,0x00000000d7e80000)
  to   space 2560K, 0% used [0x00000000d7980000,0x00000000d7980000,0x00000000d7c00000)
 ParOldGen       total 68608K, used 47616K [0x0000000080000000, 0x0000000084300000, 0x00000000d5580000)
  object space 68608K, 69% used [0x0000000080000000,0x0000000082e801f8,0x0000000084300000)
 Metaspace       used 48256K, committed 49408K, reserved 1114112K
  class space    used 5223K, committed 5760K, reserved 1048576K
}
Event: 54.987 GC heap after
{Heap after GC invocations=25 (full 2):
 PSYoungGen      total 24064K, used 2530K [0x00000000d5580000, 0x00000000d7c80000, 0x0000000100000000)
  eden space 21504K, 0% used [0x00000000d5580000,0x00000000d5580000,0x00000000d6a80000)
  from space 2560K, 98% used [0x00000000d7980000,0x00000000d7bf8810,0x00000000d7c00000)
  to   space 512K, 0% used [0x00000000d7c00000,0x00000000d7c00000,0x00000000d7c80000)
 ParOldGen       total 68608K, used 49843K [0x0000000080000000, 0x0000000084300000, 0x00000000d5580000)
  object space 68608K, 72% used [0x0000000080000000,0x00000000830aced8,0x0000000084300000)
 Metaspace       used 48256K, committed 49408K, reserved 1114112K
  class space    used 5223K, committed 5760K, reserved 1048576K
}
Event: 55.266 GC heap before
{Heap before GC invocations=26 (full 2):
 PSYoungGen      total 24064K, used 24034K [0x00000000d5580000, 0x00000000d7c80000, 0x0000000100000000)
  eden space 21504K, 100% used [0x00000000d5580000,0x00000000d6a80000,0x00000000d6a80000)
  from space 2560K, 98% used [0x00000000d7980000,0x00000000d7bf8810,0x00000000d7c00000)
  to   space 512K, 0% used [0x00000000d7c00000,0x00000000d7c00000,0x00000000d7c80000)
 ParOldGen       total 68608K, used 49843K [0x0000000080000000, 0x0000000084300000, 0x00000000d5580000)
  object space 68608K, 72% used [0x0000000080000000,0x00000000830aced8,0x0000000084300000)
 Metaspace       used 48259K, committed 49408K, reserved 1114112K
  class space    used 5223K, committed 5760K, reserved 1048576K
}
Event: 55.272 GC heap after
{Heap after GC invocations=26 (full 2):
 PSYoungGen      total 22016K, used 512K [0x00000000d5580000, 0x00000000d7c80000, 0x0000000100000000)
  eden space 21504K, 0% used [0x00000000d5580000,0x00000000d5580000,0x00000000d6a80000)
  from space 512K, 100% used [0x00000000d7c00000,0x00000000d7c80000,0x00000000d7c80000)
  to   space 5120K, 0% used [0x00000000d7280000,0x00000000d7280000,0x00000000d7780000)
 ParOldGen       total 68608K, used 53930K [0x0000000080000000, 0x0000000084300000, 0x00000000d5580000)
  object space 68608K, 78% used [0x0000000080000000,0x00000000834aa998,0x0000000084300000)
 Metaspace       used 48259K, committed 49408K, reserved 1114112K
  class space    used 5223K, committed 5760K, reserved 1048576K
}
Event: 55.531 GC heap before
{Heap before GC invocations=27 (full 2):
 PSYoungGen      total 22016K, used 22016K [0x00000000d5580000, 0x00000000d7c80000, 0x0000000100000000)
  eden space 21504K, 100% used [0x00000000d5580000,0x00000000d6a80000,0x00000000d6a80000)
  from space 512K, 100% used [0x00000000d7c00000,0x00000000d7c80000,0x00000000d7c80000)
  to   space 5120K, 0% used [0x00000000d7280000,0x00000000d7280000,0x00000000d7780000)
 ParOldGen       total 68608K, used 53930K [0x0000000080000000, 0x0000000084300000, 0x00000000d5580000)
  object space 68608K, 78% used [0x0000000080000000,0x00000000834aa998,0x0000000084300000)
 Metaspace       used 48289K, committed 49536K, reserved 1114112K
  class space    used 5223K, committed 5824K, reserved 1048576K
}
Event: 55.536 GC heap after
{Heap after GC invocations=27 (full 2):
 PSYoungGen      total 26624K, used 2368K [0x00000000d5580000, 0x00000000d7c80000, 0x0000000100000000)
  eden space 21504K, 0% used [0x00000000d5580000,0x00000000d5580000,0x00000000d6a80000)
  from space 5120K, 46% used [0x00000000d7280000,0x00000000d74d0010,0x00000000d7780000)
  to   space 3584K, 0% used [0x00000000d7900000,0x00000000d7900000,0x00000000d7c80000)
 ParOldGen       total 68608K, used 54463K [0x0000000080000000, 0x0000000084300000, 0x00000000d5580000)
  object space 68608K, 79% used [0x0000000080000000,0x000000008352fec0,0x0000000084300000)
 Metaspace       used 48289K, committed 49536K, reserved 1114112K
  class space    used 5223K, committed 5824K, reserved 1048576K
}
Event: 55.974 GC heap before
{Heap before GC invocations=28 (full 2):
 PSYoungGen      total 26624K, used 23872K [0x00000000d5580000, 0x00000000d7c80000, 0x0000000100000000)
  eden space 21504K, 100% used [0x00000000d5580000,0x00000000d6a80000,0x00000000d6a80000)
  from space 5120K, 46% used [0x00000000d7280000,0x00000000d74d0010,0x00000000d7780000)
  to   space 3584K, 0% used [0x00000000d7900000,0x00000000d7900000,0x00000000d7c80000)
 ParOldGen       total 68608K, used 54463K [0x0000000080000000, 0x0000000084300000, 0x00000000d5580000)
  object space 68608K, 79% used [0x0000000080000000,0x000000008352fec0,0x0000000084300000)
 Metaspace       used 48321K, committed 49536K, reserved 1114112K
  class space    used 5224K, committed 5824K, reserved 1048576K
}
Event: 55.981 GC heap after
{Heap after GC invocations=28 (full 2):
 PSYoungGen      total 23552K, used 2040K [0x00000000d5580000, 0x00000000d7b00000, 0x0000000100000000)
  eden space 21504K, 0% used [0x00000000d5580000,0x00000000d5580000,0x00000000d6a80000)
  from space 2048K, 99% used [0x00000000d7900000,0x00000000d7afe200,0x00000000d7b00000)
  to   space 2560K, 0% used [0x00000000d7600000,0x00000000d7600000,0x00000000d7880000)
 ParOldGen       total 68608K, used 56791K [0x0000000080000000, 0x0000000084300000, 0x00000000d5580000)
  object space 68608K, 82% used [0x0000000080000000,0x0000000083775ed0,0x0000000084300000)
 Metaspace       used 48321K, committed 49536K, reserved 1114112K
  class space    used 5224K, committed 5824K, reserved 1048576K
}
Event: 58.216 GC heap before
{Heap before GC invocations=29 (full 2):
 PSYoungGen      total 23552K, used 23544K [0x00000000d5580000, 0x00000000d7b00000, 0x0000000100000000)
  eden space 21504K, 100% used [0x00000000d5580000,0x00000000d6a80000,0x00000000d6a80000)
  from space 2048K, 99% used [0x00000000d7900000,0x00000000d7afe200,0x00000000d7b00000)
  to   space 2560K, 0% used [0x00000000d7600000,0x00000000d7600000,0x00000000d7880000)
 ParOldGen       total 68608K, used 56791K [0x0000000080000000, 0x0000000084300000, 0x00000000d5580000)
  object space 68608K, 82% used [0x0000000080000000,0x0000000083775ed0,0x0000000084300000)
 Metaspace       used 49286K, committed 50432K, reserved 1114112K
  class space    used 5332K, committed 5888K, reserved 1048576K
}
Event: 58.223 GC heap after
{Heap after GC invocations=29 (full 2):
 PSYoungGen      total 22016K, used 368K [0x00000000d5580000, 0x00000000d7980000, 0x0000000100000000)
  eden space 21504K, 0% used [0x00000000d5580000,0x00000000d5580000,0x00000000d6a80000)
  from space 512K, 71% used [0x00000000d7600000,0x00000000d765c010,0x00000000d7680000)
  to   space 1536K, 0% used [0x00000000d7800000,0x00000000d7800000,0x00000000d7980000)
 ParOldGen       total 68608K, used 58781K [0x0000000080000000, 0x0000000084300000, 0x00000000d5580000)
  object space 68608K, 85% used [0x0000000080000000,0x0000000083967428,0x0000000084300000)
 Metaspace       used 49286K, committed 50432K, reserved 1114112K
  class space    used 5332K, committed 5888K, reserved 1048576K
}
Event: 60.440 GC heap before
{Heap before GC invocations=30 (full 2):
 PSYoungGen      total 22016K, used 21872K [0x00000000d5580000, 0x00000000d7980000, 0x0000000100000000)
  eden space 21504K, 100% used [0x00000000d5580000,0x00000000d6a80000,0x00000000d6a80000)
  from space 512K, 71% used [0x00000000d7600000,0x00000000d765c010,0x00000000d7680000)
  to   space 1536K, 0% used [0x00000000d7800000,0x00000000d7800000,0x00000000d7980000)
 ParOldGen       total 68608K, used 58781K [0x0000000080000000, 0x0000000084300000, 0x00000000d5580000)
  object space 68608K, 85% used [0x0000000080000000,0x0000000083967428,0x0000000084300000)
 Metaspace       used 50983K, committed 52224K, reserved 1114112K
  class space    used 5605K, committed 6144K, reserved 1048576K
}
Event: 60.443 GC heap after
{Heap after GC invocations=30 (full 2):
 PSYoungGen      total 23040K, used 1153K [0x00000000d5580000, 0x00000000d7980000, 0x0000000100000000)
  eden space 21504K, 0% used [0x00000000d5580000,0x00000000d5580000,0x00000000d6a80000)
  from space 1536K, 75% used [0x00000000d7800000,0x00000000d7920408,0x00000000d7980000)
  to   space 1536K, 0% used [0x00000000d7680000,0x00000000d7680000,0x00000000d7800000)
 ParOldGen       total 68608K, used 59746K [0x0000000080000000, 0x0000000084300000, 0x00000000d5580000)
  object space 68608K, 87% used [0x0000000080000000,0x0000000083a58938,0x0000000084300000)
 Metaspace       used 50983K, committed 52224K, reserved 1114112K
  class space    used 5605K, committed 6144K, reserved 1048576K
}

