# JRE version: OpenJDK Runtime Environment Temurin-21.0.10+7 (21.0.10+7) (build 21.0.10+7-LTS)
# Java VM: OpenJDK 64-Bit Server VM Temurin-21.0.10+7 (21.0.10+7-LTS, mixed mode, sharing, tiered, compressed oops, compressed class ptrs, g1 gc, windows-amd64)
GC Precious Log:
 CardTable entry size: 512
 Card Set container configuration: InlinePtr #cards 4 size 8 Array Of Cards #cards 16 size 48 Howl #buckets 8 coarsen threshold 3686 Howl Bitmap #cards 512 size 80 coarsen threshold 460 Card regions per heap region 1 cards per card region 4096
 CPUs: 4 total, 4 available
 Memory: 12111M
 Large Page Support: Disabled
 NUMA Support: Disabled
 Compressed Oops: Enabled (Zero based)
 Heap Region Size: 2M
 Heap Min Capacity: 8M
 Heap Initial Capacity: 190M
 Heap Max Capacity: 4G
 Pre-touch: Disabled
 Parallel Workers: 4
 Concurrent Workers: 1
 Concurrent Refinement Workers: 4
 Periodic GC: Disabled
Heap:
 garbage-first heap   total 157696K, used 96272K [0x0000000700000000, 0x0000000800000000)
  region size 2048K, 1 young (2048K), 1 survivors (2048K)
 Metaspace       used 78560K, committed 80768K, reserved 983040K
  class space    used 11371K, committed 12480K, reserved 851968K
GC Heap History (20 events):
Event: 21.966 GC heap after
{Heap after GC invocations=23 (full 0):
 garbage-first heap   total 100352K, used 61589K [0x0000000700000000, 0x0000000800000000)
  region size 2048K, 2 young (4096K), 2 survivors (4096K)
 Metaspace       used 63328K, committed 65280K, reserved 917504K
  class space    used 9287K, committed 10240K, reserved 851968K
}
Event: 22.585 GC heap before
{Heap before GC invocations=23 (full 0):
 garbage-first heap   total 100352K, used 92309K [0x0000000700000000, 0x0000000800000000)
  region size 2048K, 17 young (34816K), 2 survivors (4096K)
 Metaspace       used 65286K, committed 67328K, reserved 917504K
  class space    used 9581K, committed 10560K, reserved 851968K
}
Event: 22.592 GC heap after
{Heap after GC invocations=24 (full 0):
 garbage-first heap   total 100352K, used 62421K [0x0000000700000000, 0x0000000800000000)
  region size 2048K, 2 young (4096K), 2 survivors (4096K)
 Metaspace       used 65286K, committed 67328K, reserved 917504K
  class space    used 9581K, committed 10560K, reserved 851968K
}
Event: 23.450 GC heap before
{Heap before GC invocations=24 (full 0):
 garbage-first heap   total 100352K, used 93141K [0x0000000700000000, 0x0000000800000000)
  region size 2048K, 17 young (34816K), 2 survivors (4096K)
 Metaspace       used 67096K, committed 69120K, reserved 917504K
  class space    used 9829K, committed 10816K, reserved 851968K
}
Event: 23.457 GC heap after
{Heap after GC invocations=25 (full 0):
 garbage-first heap   total 122880K, used 64548K [0x0000000700000000, 0x0000000800000000)
  region size 2048K, 3 young (6144K), 3 survivors (6144K)
 Metaspace       used 67096K, committed 69120K, reserved 917504K
  class space    used 9829K, committed 10816K, reserved 851968K
}
Event: 24.600 GC heap before
{Heap before GC invocations=26 (full 0):
 garbage-first heap   total 122880K, used 107556K [0x0000000700000000, 0x0000000800000000)
  region size 2048K, 25 young (51200K), 3 survivors (6144K)
 Metaspace       used 70812K, committed 72896K, reserved 917504K
  class space    used 10473K, committed 11520K, reserved 851968K
}
Event: 24.610 GC heap after
{Heap after GC invocations=27 (full 0):
 garbage-first heap   total 122880K, used 67867K [0x0000000700000000, 0x0000000800000000)
  region size 2048K, 4 young (8192K), 4 survivors (8192K)
 Metaspace       used 70812K, committed 72896K, reserved 917504K
  class space    used 10473K, committed 11520K, reserved 851968K
}
Event: 26.157 GC heap before
{Heap before GC invocations=27 (full 0):
 garbage-first heap   total 122880K, used 110875K [0x0000000700000000, 0x0000000800000000)
  region size 2048K, 25 young (51200K), 4 survivors (8192K)
 Metaspace       used 72188K, committed 74368K, reserved 917504K
  class space    used 10631K, committed 11712K, reserved 851968K
}
Event: 26.174 GC heap after
{Heap after GC invocations=28 (full 0):
 garbage-first heap   total 126976K, used 72140K [0x0000000700000000, 0x0000000800000000)
  region size 2048K, 4 young (8192K), 4 survivors (8192K)
 Metaspace       used 72188K, committed 74368K, reserved 917504K
  class space    used 10631K, committed 11712K, reserved 851968K
}
Event: 27.254 GC heap before
{Heap before GC invocations=28 (full 0):
 garbage-first heap   total 126976K, used 111052K [0x0000000700000000, 0x0000000800000000)
  region size 2048K, 24 young (49152K), 4 survivors (8192K)
 Metaspace       used 72344K, committed 74496K, reserved 917504K
  class space    used 10633K, committed 11712K, reserved 851968K
}
Event: 27.267 GC heap after
{Heap after GC invocations=29 (full 0):
 garbage-first heap   total 126976K, used 74393K [0x0000000700000000, 0x0000000800000000)
  region size 2048K, 2 young (4096K), 2 survivors (4096K)
 Metaspace       used 72344K, committed 74496K, reserved 917504K
  class space    used 10633K, committed 11712K, reserved 851968K
}
Event: 27.942 GC heap before
{Heap before GC invocations=30 (full 0):
 garbage-first heap   total 131072K, used 111257K [0x0000000700000000, 0x0000000800000000)
  region size 2048K, 21 young (43008K), 2 survivors (4096K)
 Metaspace       used 72352K, committed 74496K, reserved 917504K
  class space    used 10633K, committed 11712K, reserved 851968K
}
Event: 27.947 GC heap after
{Heap after GC invocations=31 (full 0):
 garbage-first heap   total 131072K, used 75397K [0x0000000700000000, 0x0000000800000000)
  region size 2048K, 2 young (4096K), 2 survivors (4096K)
 Metaspace       used 72352K, committed 74496K, reserved 917504K
  class space    used 10633K, committed 11712K, reserved 851968K
}
Event: 28.580 GC heap before
{Heap before GC invocations=31 (full 0):
 garbage-first heap   total 131072K, used 118405K [0x0000000700000000, 0x0000000800000000)
  region size 2048K, 23 young (47104K), 2 survivors (4096K)
 Metaspace       used 73181K, committed 75264K, reserved 917504K
  class space    used 10732K, committed 11776K, reserved 851968K
}
Event: 28.591 GC heap after
{Heap after GC invocations=32 (full 0):
 garbage-first heap   total 135168K, used 85952K [0x0000000700000000, 0x0000000800000000)
  region size 2048K, 3 young (6144K), 3 survivors (6144K)
 Metaspace       used 73181K, committed 75264K, reserved 917504K
  class space    used 10732K, committed 11776K, reserved 851968K
}
Event: 28.992 GC heap before
{Heap before GC invocations=32 (full 0):
 garbage-first heap   total 135168K, used 96192K [0x0000000700000000, 0x0000000800000000)
  region size 2048K, 10 young (20480K), 3 survivors (6144K)
 Metaspace       used 73358K, committed 75520K, reserved 917504K
  class space    used 10750K, committed 11840K, reserved 851968K
}
Event: 28.997 GC heap after
{Heap after GC invocations=33 (full 0):
 garbage-first heap   total 135168K, used 89576K [0x0000000700000000, 0x0000000800000000)
  region size 2048K, 2 young (4096K), 2 survivors (4096K)
 Metaspace       used 73358K, committed 75520K, reserved 917504K
  class space    used 10750K, committed 11840K, reserved 851968K
}
Event: 29.316 GC heap before
{Heap before GC invocations=34 (full 0):
 garbage-first heap   total 157696K, used 114152K [0x0000000700000000, 0x0000000800000000)
  region size 2048K, 14 young (28672K), 2 survivors (4096K)
 Metaspace       used 74973K, committed 77120K, reserved 917504K
  class space    used 10962K, committed 12032K, reserved 851968K
}
Event: 29.320 GC heap after
{Heap after GC invocations=35 (full 0):
 garbage-first heap   total 157696K, used 95530K [0x0000000700000000, 0x0000000800000000)
  region size 2048K, 2 young (4096K), 2 survivors (4096K)
 Metaspace       used 74973K, committed 77120K, reserved 917504K
  class space    used 10962K, committed 12032K, reserved 851968K
}
Event: 29.896 GC heap before
{Heap before GC invocations=35 (full 0):
 garbage-first heap   total 157696K, used 132394K [0x0000000700000000, 0x0000000800000000)
  region size 2048K, 21 young (43008K), 2 survivors (4096K)
 Metaspace       used 78560K, committed 80768K, reserved 983040K
  class space    used 11371K, committed 12480K, reserved 851968K
}

