# JRE version: OpenJDK Runtime Environment Temurin-17.0.4.1+1 (17.0.4.1+1) (build 17.0.4.1+1)
# Java VM: OpenJDK 64-Bit Server VM Temurin-17.0.4.1+1 (17.0.4.1+1, mixed mode, sharing, tiered, compressed oops, compressed class ptrs, g1 gc, windows-amd64)
GC Precious Log:
 CPUs: 4 total, 4 available
 Memory: 3919M
 Large Page Support: Disabled
 NUMA Support: Disabled
 Compressed Oops: Enabled (Zero based)
 Heap Region Size: 4M
 Heap Min Capacity: 8M
 Heap Initial Capacity: 64M
 Heap Max Capacity: 8G
 Pre-touch: Disabled
 Parallel Workers: 4
 Concurrent Workers: 1
 Concurrent Refinement Workers: 4
 Periodic GC: Disabled
Heap:
 garbage-first heap   total 491520K, used 138991K [0x0000000600000000, 0x0000000800000000)
  region size 4096K, 8 young (32768K), 1 survivors (4096K)
 Metaspace       used 105282K, committed 106240K, reserved 1146880K
  class space    used 14521K, committed 14976K, reserved 1048576K
GC Heap History (20 events):
Event: 30.681 GC heap before
{Heap before GC invocations=52 (full 0):
 garbage-first heap   total 151552K, used 113977K [0x0000000600000000, 0x0000000800000000)
  region size 4096K, 9 young (36864K), 2 survivors (8192K)
 Metaspace       used 74524K, committed 75264K, reserved 1114112K
  class space    used 10426K, committed 10752K, reserved 1048576K
}
Event: 30.701 GC heap after
{Heap after GC invocations=53 (full 0):
 garbage-first heap   total 151552K, used 92164K [0x0000000600000000, 0x0000000800000000)
  region size 4096K, 1 young (4096K), 1 survivors (4096K)
 Metaspace       used 74524K, committed 75264K, reserved 1114112K
  class space    used 10426K, committed 10752K, reserved 1048576K
}
Event: 31.742 GC heap before
{Heap before GC invocations=54 (full 0):
 garbage-first heap   total 192512K, used 116740K [0x0000000600000000, 0x0000000800000000)
  region size 4096K, 7 young (28672K), 1 survivors (4096K)
 Metaspace       used 77162K, committed 77952K, reserved 1122304K
  class space    used 10753K, committed 11136K, reserved 1048576K
}
Event: 31.763 GC heap after
{Heap after GC invocations=55 (full 0):
 garbage-first heap   total 192512K, used 93713K [0x0000000600000000, 0x0000000800000000)
  region size 4096K, 1 young (4096K), 1 survivors (4096K)
 Metaspace       used 77162K, committed 77952K, reserved 1122304K
  class space    used 10753K, committed 11136K, reserved 1048576K
}
Event: 33.697 GC heap before
{Heap before GC invocations=55 (full 0):
 garbage-first heap   total 192512K, used 138769K [0x0000000600000000, 0x0000000800000000)
  region size 4096K, 13 young (53248K), 1 survivors (4096K)
 Metaspace       used 79624K, committed 80448K, reserved 1122304K
  class space    used 11079K, committed 11456K, reserved 1048576K
}
Event: 33.733 GC heap after
{Heap after GC invocations=56 (full 0):
 garbage-first heap   total 245760K, used 98150K [0x0000000600000000, 0x0000000800000000)
  region size 4096K, 2 young (8192K), 2 survivors (8192K)
 Metaspace       used 79624K, committed 80448K, reserved 1122304K
  class space    used 11079K, committed 11456K, reserved 1048576K
}
Event: 36.126 GC heap before
{Heap before GC invocations=57 (full 0):
 garbage-first heap   total 245760K, used 159590K [0x0000000600000000, 0x0000000800000000)
  region size 4096K, 17 young (69632K), 2 survivors (8192K)
 Metaspace       used 84213K, committed 85056K, reserved 1122304K
  class space    used 11683K, committed 12032K, reserved 1048576K
}
Event: 36.206 GC heap after
{Heap after GC invocations=58 (full 0):
 garbage-first heap   total 245760K, used 100371K [0x0000000600000000, 0x0000000800000000)
  region size 4096K, 2 young (8192K), 2 survivors (8192K)
 Metaspace       used 84213K, committed 85056K, reserved 1122304K
  class space    used 11683K, committed 12032K, reserved 1048576K
}
Event: 36.327 GC heap before
{Heap before GC invocations=58 (full 0):
 garbage-first heap   total 245760K, used 104467K [0x0000000600000000, 0x0000000800000000)
  region size 4096K, 3 young (12288K), 2 survivors (8192K)
 Metaspace       used 84525K, committed 85376K, reserved 1122304K
  class space    used 11715K, committed 12096K, reserved 1048576K
}
Event: 36.385 GC heap after
{Heap after GC invocations=59 (full 0):
 garbage-first heap   total 245760K, used 99850K [0x0000000600000000, 0x0000000800000000)
  region size 4096K, 1 young (4096K), 1 survivors (4096K)
 Metaspace       used 84525K, committed 85376K, reserved 1122304K
  class space    used 11715K, committed 12096K, reserved 1048576K
}
Event: 40.998 GC heap before
{Heap before GC invocations=59 (full 0):
 garbage-first heap   total 245760K, used 185866K [0x0000000600000000, 0x0000000800000000)
  region size 4096K, 22 young (90112K), 1 survivors (4096K)
 Metaspace       used 88767K, committed 89664K, reserved 1130496K
  class space    used 12293K, committed 12736K, reserved 1048576K
}
Event: 41.039 GC heap after
{Heap after GC invocations=60 (full 0):
 garbage-first heap   total 245760K, used 103388K [0x0000000600000000, 0x0000000800000000)
  region size 4096K, 2 young (8192K), 2 survivors (8192K)
 Metaspace       used 88767K, committed 89664K, reserved 1130496K
  class space    used 12293K, committed 12736K, reserved 1048576K
}
Event: 47.319 GC heap before
{Heap before GC invocations=60 (full 0):
 garbage-first heap   total 245760K, used 189404K [0x0000000600000000, 0x0000000800000000)
  region size 4096K, 23 young (94208K), 2 survivors (8192K)
 Metaspace       used 94857K, committed 95680K, reserved 1138688K
  class space    used 13302K, committed 13696K, reserved 1048576K
}
Event: 47.367 GC heap after
{Heap after GC invocations=61 (full 0):
 garbage-first heap   total 245760K, used 106279K [0x0000000600000000, 0x0000000800000000)
  region size 4096K, 2 young (8192K), 2 survivors (8192K)
 Metaspace       used 94857K, committed 95680K, reserved 1138688K
  class space    used 13302K, committed 13696K, reserved 1048576K
}
Event: 52.820 GC heap before
{Heap before GC invocations=61 (full 0):
 garbage-first heap   total 245760K, used 192295K [0x0000000600000000, 0x0000000800000000)
  region size 4096K, 24 young (98304K), 2 survivors (8192K)
 Metaspace       used 100165K, committed 101056K, reserved 1138688K
  class space    used 13989K, committed 14400K, reserved 1048576K
}
Event: 52.971 GC heap after
{Heap after GC invocations=62 (full 0):
 garbage-first heap   total 245760K, used 113956K [0x0000000600000000, 0x0000000800000000)
  region size 4096K, 3 young (12288K), 3 survivors (12288K)
 Metaspace       used 100165K, committed 101056K, reserved 1138688K
  class space    used 13989K, committed 14400K, reserved 1048576K
}
Event: 55.737 GC heap before
{Heap before GC invocations=62 (full 0):
 garbage-first heap   total 245760K, used 195876K [0x0000000600000000, 0x0000000800000000)
  region size 4096K, 23 young (94208K), 3 survivors (12288K)
 Metaspace       used 100578K, committed 101504K, reserved 1138688K
  class space    used 14013K, committed 14464K, reserved 1048576K
}
Event: 55.824 GC heap after
{Heap after GC invocations=63 (full 0):
 garbage-first heap   total 245760K, used 112499K [0x0000000600000000, 0x0000000800000000)
  region size 4096K, 1 young (4096K), 1 survivors (4096K)
 Metaspace       used 100578K, committed 101504K, reserved 1138688K
  class space    used 14013K, committed 14464K, reserved 1048576K
}
Event: 69.538 GC heap before
{Heap before GC invocations=63 (full 0):
 garbage-first heap   total 245760K, used 194419K [0x0000000600000000, 0x0000000800000000)
  region size 4096K, 22 young (90112K), 1 survivors (4096K)
 Metaspace       used 105262K, committed 106240K, reserved 1146880K
  class space    used 14520K, committed 14976K, reserved 1048576K
}
Event: 69.586 GC heap after
{Heap after GC invocations=64 (full 0):
 garbage-first heap   total 491520K, used 114415K [0x0000000600000000, 0x0000000800000000)
  region size 4096K, 1 young (4096K), 1 survivors (4096K)
 Metaspace       used 105262K, committed 106240K, reserved 1146880K
  class space    used 14520K, committed 14976K, reserved 1048576K
}

